TN:
SF:/home/runner/workspace/contracts/contracts/ClawCardNFT.sol
FN:102,constructor
FN:114,transferFrom
FN:118,safeTransferFrom
FN:122,approve
FN:128,_update
FN:136,setApprovalForAll
FN:147,mint
FN:154,adminMint
FN:166,adminMintFull
FN:175,registerIdentity
FN:179,_mintPassport
FN:252,updateReputation
FN:296,setMoltDomain
FN:320,_validateMoltDomain
FN:334,getIdentity
FN:345,getIdentityByHandle
FN:360,updateMetadata
FN:367,ownerOfIdentity
FN:371,isRegistered
FN:377,getPassportByWallet
FN:383,getPassportById
FN:388,getPassportByMoltDomain
FN:397,isTrusted
FN:415,soulbound
FN:420,hasMinted
FN:424,isAgentIdAvailable
FN:432,updateAgentId
FN:436,getCardInfo
FN:448,authorizedMinters
FN:452,authorizeMinter
FN:457,revokeMinter
FN:464,mintTo
FN:471,getChainId
FN:479,setSigFreshnessWindow
FN:484,lockAsSoulbound
FN:490,tokenURI
FN:504,pause
FN:505,unpause
FN:507,setBaseURI
FN:513,deactivatePassport
FN:519,totalSupply
FN:525,supportsInterface
FNF:42
FNH:30
FNDA:48,constructor
FNDA:1,transferFrom
FNDA:1,safeTransferFrom
FNDA:1,approve
FNDA:32,_update
FNDA:1,setApprovalForAll
FNDA:33,mint
FNDA:2,adminMint
FNDA:0,adminMintFull
FNDA:0,registerIdentity
FNDA:35,_mintPassport
FNDA:7,updateReputation
FNDA:6,setMoltDomain
FNDA:5,_validateMoltDomain
FNDA:0,getIdentity
FNDA:0,getIdentityByHandle
FNDA:0,updateMetadata
FNDA:0,ownerOfIdentity
FNDA:0,isRegistered
FNDA:2,getPassportByWallet
FNDA:4,getPassportById
FNDA:0,getPassportByMoltDomain
FNDA:3,isTrusted
FNDA:3,soulbound
FNDA:3,hasMinted
FNDA:2,isAgentIdAvailable
FNDA:1,updateAgentId
FNDA:1,getCardInfo
FNDA:3,authorizedMinters
FNDA:96,authorizeMinter
FNDA:2,revokeMinter
FNDA:0,mintTo
FNDA:0,getChainId
FNDA:0,setSigFreshnessWindow
FNDA:1,lockAsSoulbound
FNDA:1,tokenURI
FNDA:1,pause
FNDA:1,unpause
FNDA:0,setBaseURI
FNDA:1,deactivatePassport
FNDA:1,totalSupply
FNDA:2,supportsInterface
DA:103,48
DA:104,47
DA:105,47
DA:106,47
DA:107,47
DA:108,47
DA:115,1
DA:119,1
DA:123,1
DA:129,32
DA:130,32
DA:131,0
DA:133,32
DA:137,1
DA:148,33
DA:155,2
DA:167,0
DA:176,0
DA:185,35
DA:186,35
DA:187,34
DA:188,33
DA:189,32
DA:190,32
DA:192,32
DA:193,32
DA:195,32
DA:215,32
DA:216,32
DA:217,32
DA:218,32
DA:220,32
DA:221,32
DA:222,32
DA:253,7
DA:254,7
DA:255,6
DA:256,6
DA:257,6
DA:258,6
DA:259,5
DA:261,4
DA:266,4
DA:268,4
DA:269,4
DA:271,4
DA:273,3
DA:275,3
DA:276,3
DA:278,3
DA:279,3
DA:280,3
DA:281,3
DA:282,3
DA:283,3
DA:285,3
DA:286,3
DA:297,6
DA:298,6
DA:303,5
DA:304,4
DA:306,3
DA:307,3
DA:308,0
DA:309,0
DA:312,3
DA:313,3
DA:314,3
DA:316,3
DA:317,3
DA:321,5
DA:322,5
DA:323,5
DA:335,0
DA:336,0
DA:337,0
DA:349,0
DA:350,0
DA:351,0
DA:352,0
DA:361,0
DA:362,0
DA:363,0
DA:364,0
DA:368,0
DA:372,0
DA:378,2
DA:379,2
DA:380,1
DA:384,4
DA:385,4
DA:389,0
DA:390,0
DA:391,0
DA:402,3
DA:403,3
DA:404,2
DA:405,2
DA:406,2
DA:407,2
DA:416,3
DA:417,3
DA:421,3
DA:425,2
DA:433,1
DA:442,1
DA:443,1
DA:444,1
DA:445,1
DA:449,3
DA:453,96
DA:454,95
DA:458,2
DA:465,0
DA:472,0
DA:480,0
DA:481,0
DA:491,1
DA:492,1
DA:493,1
DA:494,1
DA:508,0
DA:509,0
DA:510,0
DA:514,1
DA:515,1
DA:516,1
DA:520,1
DA:526,2
LF:129
LH:101
BRDA:103,1,0,1
BRDA:103,1,1,47
BRDA:130,2,0,0
BRDA:130,2,1,32
BRDA:147,3,0,34
BRDA:147,3,1,1
BRDA:147,4,0,33
BRDA:147,4,1,1
BRDA:147,5,0,33
BRDA:147,5,1,0
BRDA:154,6,0,2
BRDA:154,6,1,1
BRDA:154,7,0,2
BRDA:154,7,1,0
BRDA:154,8,0,2
BRDA:154,8,1,0
BRDA:166,9,0,0
BRDA:166,9,1,0
BRDA:166,10,0,0
BRDA:166,10,1,0
BRDA:166,11,0,0
BRDA:166,11,1,0
BRDA:175,12,0,0
BRDA:175,12,1,0
BRDA:175,13,0,0
BRDA:175,13,1,0
BRDA:175,14,0,0
BRDA:175,14,1,0
BRDA:185,15,0,0
BRDA:185,15,1,35
BRDA:186,16,0,1
BRDA:186,16,1,34
BRDA:187,17,0,1
BRDA:187,17,1,33
BRDA:188,18,0,1
BRDA:188,18,1,32
BRDA:189,19,0,0
BRDA:189,19,1,32
BRDA:190,20,0,0
BRDA:190,20,1,32
BRDA:252,21,0,7
BRDA:252,21,1,0
BRDA:253,22,0,0
BRDA:253,22,1,7
BRDA:254,23,0,1
BRDA:254,23,1,6
BRDA:255,24,0,0
BRDA:255,24,1,6
BRDA:256,25,0,0
BRDA:256,25,1,6
BRDA:257,26,0,0
BRDA:257,26,1,6
BRDA:258,27,0,1
BRDA:258,27,1,5
BRDA:259,28,0,1
BRDA:259,28,1,4
BRDA:266,29,0,0
BRDA:266,29,1,4
BRDA:271,30,0,1
BRDA:271,30,1,3
BRDA:286,31,0,3
BRDA:286,31,1,0
BRDA:297,32,0,0
BRDA:297,32,1,6
BRDA:298,33,0,1
BRDA:298,33,1,5
BRDA:304,34,0,1
BRDA:304,34,1,3
BRDA:307,35,0,0
BRDA:307,35,1,3
BRDA:322,36,0,0
BRDA:322,36,1,5
BRDA:322,37,0,0
BRDA:322,37,1,0
BRDA:323,38,0,1
BRDA:323,38,1,4
BRDA:324,39,0,1
BRDA:324,39,1,0
BRDA:324,40,0,0
BRDA:324,40,1,0
BRDA:324,41,0,0
BRDA:324,41,1,0
BRDA:324,42,0,0
BRDA:324,42,1,0
BRDA:335,43,0,0
BRDA:335,43,1,0
BRDA:349,44,0,0
BRDA:349,44,1,0
BRDA:361,45,0,0
BRDA:361,45,1,0
BRDA:362,46,0,0
BRDA:362,46,1,0
BRDA:379,47,0,1
BRDA:379,47,1,1
BRDA:384,48,0,0
BRDA:384,48,1,4
BRDA:390,49,0,0
BRDA:390,49,1,0
BRDA:403,50,0,1
BRDA:403,50,1,2
BRDA:416,51,0,0
BRDA:416,51,1,3
BRDA:452,52,0,96
BRDA:452,52,1,1
BRDA:453,53,0,1
BRDA:453,53,1,95
BRDA:457,54,0,2
BRDA:457,54,1,0
BRDA:464,55,0,0
BRDA:464,55,1,0
BRDA:464,56,0,0
BRDA:464,56,1,0
BRDA:464,57,0,0
BRDA:464,57,1,0
BRDA:479,58,0,0
BRDA:479,58,1,0
BRDA:480,59,0,0
BRDA:480,59,1,0
BRDA:480,60,0,0
BRDA:480,60,1,0
BRDA:493,61,0,0
BRDA:493,61,1,1
BRDA:504,62,0,1
BRDA:504,62,1,0
BRDA:505,63,0,1
BRDA:505,63,1,0
BRDA:507,64,0,0
BRDA:507,64,1,0
BRDA:508,65,0,0
BRDA:508,65,1,0
BRDA:513,66,0,1
BRDA:513,66,1,0
BRDA:514,67,0,0
BRDA:514,67,1,1
BRDA:527,68,0,0
BRDA:527,68,1,1
BRF:136
BRH:63
end_of_record
TN:
SF:/home/runner/workspace/contracts/contracts/ClawTrustAC.sol
FN:116,constructor
FN:146,createJob
FN:184,fund
FN:203,assignProvider
FN:225,submit
FN:245,complete
FN:261,completeAfterTimeout
FN:275,_executeCompletion
FN:300,reject
FN:320,cancel
FN:341,expireJob
FN:363,getJobStatus
FN:376,getJob
FN:384,jobCount
FN:391,isRegisteredAgent
FN:398,getStats
FN:414,setEvaluator
FN:420,setTreasury
FN:426,pause
FN:427,unpause
FN:429,emergencyWithdraw
FN:435,recoverStuckUSDC
FNF:22
FNH:22
FNDA:45,constructor
FNDA:26,createJob
FNDA:19,fund
FNDA:13,assignProvider
FNDA:9,submit
FNDA:3,complete
FNDA:2,completeAfterTimeout
FNDA:3,_executeCompletion
FNDA:1,reject
FNDA:4,cancel
FNDA:2,expireJob
FNDA:2,getJobStatus
FNDA:8,getJob
FNDA:3,jobCount
FNDA:2,isRegisteredAgent
FNDA:5,getStats
FNDA:3,setEvaluator
FNDA:2,setTreasury
FNDA:3,pause
FNDA:2,unpause
FNDA:3,emergencyWithdraw
FNDA:2,recoverStuckUSDC
DA:117,45
DA:119,0
DA:121,45
DA:122,45
DA:123,45
DA:124,45
DA:125,45
DA:126,45
DA:127,45
DA:128,45
DA:147,26
DA:148,25
DA:149,24
DA:151,24
DA:153,24
DA:155,24
DA:157,24
DA:170,24
DA:172,24
DA:185,19
DA:186,19
DA:187,19
DA:188,19
DA:189,18
DA:191,18
DA:192,18
DA:194,18
DA:204,13
DA:205,13
DA:206,13
DA:207,13
DA:208,13
DA:209,13
DA:210,12
DA:212,12
DA:214,11
DA:215,11
DA:217,11
DA:226,9
DA:227,9
DA:228,9
DA:229,9
DA:230,8
DA:232,8
DA:233,8
DA:234,8
DA:236,8
DA:246,3
DA:248,2
DA:249,2
DA:250,2
DA:252,2
DA:262,2
DA:263,2
DA:264,2
DA:265,2
DA:266,1
DA:268,1
DA:276,3
DA:277,3
DA:279,3
DA:280,3
DA:282,3
DA:283,3
DA:284,3
DA:286,3
DA:288,3
DA:289,3
DA:291,3
DA:301,1
DA:303,1
DA:304,1
DA:305,1
DA:307,1
DA:308,1
DA:310,1
DA:312,1
DA:321,4
DA:322,4
DA:323,4
DA:324,4
DA:326,2
DA:327,2
DA:329,2
DA:330,1
DA:333,2
DA:342,2
DA:343,2
DA:344,2
DA:345,1
DA:346,0
DA:348,1
DA:349,1
DA:351,1
DA:352,1
DA:355,1
DA:364,2
DA:365,2
DA:366,1
DA:377,8
DA:378,8
DA:385,3
DA:392,2
DA:404,5
DA:405,5
DA:406,5
DA:407,5
DA:415,3
DA:416,2
DA:417,2
DA:421,2
DA:422,1
DA:423,1
DA:430,3
DA:431,2
DA:432,1
DA:436,2
DA:437,1
DA:438,1
LF:119
LH:117
BRDA:117,1,0,0
BRDA:117,1,1,45
BRDA:117,2,0,0
BRDA:117,2,1,0
BRDA:117,3,0,0
BRDA:117,3,1,0
BRDA:117,4,0,0
BRDA:117,4,1,0
BRDA:117,5,0,0
BRDA:117,5,1,0
BRDA:117,6,0,0
BRDA:117,6,1,0
BRDA:127,7,0,0
BRDA:127,7,1,45
BRDA:128,8,0,45
BRDA:128,8,1,0
BRDA:146,9,0,26
BRDA:146,9,1,2
BRDA:147,10,0,1
BRDA:147,10,1,25
BRDA:148,11,0,1
BRDA:148,11,1,24
BRDA:148,12,0,1
BRDA:148,12,1,0
BRDA:149,13,0,0
BRDA:149,13,1,24
BRDA:184,14,0,19
BRDA:184,14,1,0
BRDA:184,15,0,19
BRDA:184,15,1,0
BRDA:186,16,0,0
BRDA:186,16,1,19
BRDA:187,17,0,0
BRDA:187,17,1,19
BRDA:188,18,0,1
BRDA:188,18,1,18
BRDA:189,19,0,0
BRDA:189,19,1,18
BRDA:203,20,0,13
BRDA:203,20,1,0
BRDA:204,21,0,0
BRDA:204,21,1,13
BRDA:206,22,0,0
BRDA:206,22,1,13
BRDA:207,23,0,0
BRDA:207,23,1,13
BRDA:208,24,0,0
BRDA:208,24,1,13
BRDA:209,25,0,1
BRDA:209,25,1,12
BRDA:210,26,0,0
BRDA:210,26,1,12
BRDA:212,27,0,1
BRDA:212,27,1,11
BRDA:225,28,0,9
BRDA:225,28,1,0
BRDA:227,29,0,0
BRDA:227,29,1,9
BRDA:228,30,0,0
BRDA:228,30,1,9
BRDA:229,31,0,1
BRDA:229,31,1,8
BRDA:230,32,0,0
BRDA:230,32,1,8
BRDA:245,33,0,3
BRDA:245,33,1,0
BRDA:245,34,0,3
BRDA:245,34,1,0
BRDA:246,35,0,1
BRDA:246,35,1,2
BRDA:249,36,0,0
BRDA:249,36,1,2
BRDA:250,37,0,0
BRDA:250,37,1,2
BRDA:261,38,0,2
BRDA:261,38,1,0
BRDA:261,39,0,2
BRDA:261,39,1,0
BRDA:263,40,0,0
BRDA:263,40,1,2
BRDA:264,41,0,0
BRDA:264,41,1,2
BRDA:265,42,0,1
BRDA:265,42,1,1
BRDA:282,43,0,3
BRDA:282,43,1,0
BRDA:300,44,0,1
BRDA:300,44,1,0
BRDA:300,45,0,1
BRDA:300,45,1,0
BRDA:301,46,0,0
BRDA:301,46,1,1
BRDA:304,47,0,0
BRDA:304,47,1,1
BRDA:305,48,0,0
BRDA:305,48,1,1
BRDA:320,49,0,4
BRDA:320,49,1,0
BRDA:320,50,0,4
BRDA:320,50,1,0
BRDA:322,51,0,0
BRDA:322,51,1,4
BRDA:323,52,0,0
BRDA:323,52,1,4
BRDA:324,53,0,2
BRDA:324,53,1,2
BRDA:329,54,0,1
BRDA:329,54,1,1
BRDA:341,55,0,2
BRDA:341,55,1,0
BRDA:343,56,0,0
BRDA:343,56,1,2
BRDA:344,57,0,1
BRDA:344,57,1,1
BRDA:345,58,0,0
BRDA:345,58,1,1
BRDA:351,59,0,1
BRDA:351,59,1,0
BRDA:365,60,0,1
BRDA:365,60,1,1
BRDA:377,61,0,0
BRDA:377,61,1,8
BRDA:407,62,0,3
BRDA:407,62,1,2
BRDA:414,63,0,3
BRDA:414,63,1,2
BRDA:415,64,0,1
BRDA:415,64,1,2
BRDA:420,65,0,2
BRDA:420,65,1,0
BRDA:421,66,0,1
BRDA:421,66,1,1
BRDA:426,67,0,3
BRDA:426,67,1,0
BRDA:427,68,0,2
BRDA:427,68,1,0
BRDA:429,69,0,3
BRDA:429,69,1,0
BRDA:429,70,0,3
BRDA:429,70,1,0
BRDA:430,71,0,1
BRDA:430,71,1,2
BRDA:431,72,0,1
BRDA:431,72,1,1
BRDA:435,73,0,2
BRDA:435,73,1,1
BRDA:435,74,0,2
BRDA:435,74,1,0
BRDA:436,75,0,1
BRDA:436,75,1,1
BRF:150
BRH:91
end_of_record
TN:
SF:/home/runner/workspace/contracts/contracts/ClawTrustBond.sol
FN:74,onlyAuthorized
FN:79,constructor
FN:87,deposit
FN:99,depositFor
FN:112,withdraw
FN:125,updatePerformanceScore
FN:131,lockBondForGig
FN:153,swarmVote
FN:178,_finalizeGig
FN:216,adminFinalize
FN:223,setTreasury
FN:230,authorizeCaller
FN:236,revokeCaller
FN:241,pause
FN:245,unpause
FN:249,getBond
FN:260,getGigInfo
FN:272,hasVoted
FNF:18
FNH:15
FNDA:158,onlyAuthorized
FNDA:27,constructor
FNDA:23,deposit
FNDA:0,depositFor
FNDA:4,withdraw
FNDA:137,updatePerformanceScore
FNDA:20,lockBondForGig
FNDA:28,swarmVote
FNDA:8,_finalizeGig
FNDA:1,adminFinalize
FNDA:0,setTreasury
FNDA:17,authorizeCaller
FNDA:0,revokeCaller
FNDA:4,pause
FNDA:1,unpause
FNDA:8,getBond
FNDA:1,getGigInfo
FNDA:2,hasVoted
DA:75,158
DA:76,157
DA:80,27
DA:81,27
DA:88,23
DA:90,22
DA:92,22
DA:93,22
DA:94,22
DA:96,22
DA:100,0
DA:101,0
DA:103,0
DA:105,0
DA:106,0
DA:107,0
DA:109,0
DA:113,4
DA:114,3
DA:115,3
DA:117,2
DA:118,2
DA:120,2
DA:122,2
DA:126,137
DA:127,137
DA:128,137
DA:132,20
DA:134,20
DA:135,19
DA:137,19
DA:138,19
DA:139,19
DA:141,18
DA:142,18
DA:144,18
DA:145,18
DA:146,18
DA:147,18
DA:148,18
DA:150,18
DA:154,28
DA:155,28
DA:156,28
DA:157,27
DA:158,26
DA:159,25
DA:161,23
DA:163,23
DA:164,8
DA:166,15
DA:169,23
DA:171,23
DA:172,2
DA:174,5
DA:179,8
DA:180,8
DA:182,8
DA:184,8
DA:185,3
DA:186,3
DA:187,3
DA:189,5
DA:193,2
DA:194,2
DA:195,2
DA:196,2
DA:199,3
DA:200,3
DA:202,3
DA:203,3
DA:204,3
DA:205,3
DA:207,3
DA:209,3
DA:210,3
DA:211,3
DA:217,1
DA:218,1
DA:219,1
DA:220,1
DA:224,0
DA:225,0
DA:226,0
DA:227,0
DA:231,17
DA:232,17
DA:233,17
DA:237,0
DA:238,0
DA:242,4
DA:246,1
DA:256,8
DA:257,8
DA:267,1
DA:268,1
DA:269,1
DA:273,2
DA:274,2
LF:99
LH:86
BRDA:75,1,0,1
BRDA:75,1,1,157
BRDA:80,2,0,0
BRDA:80,2,1,27
BRDA:87,3,0,24
BRDA:87,3,1,0
BRDA:87,4,0,23
BRDA:87,4,1,1
BRDA:88,5,0,1
BRDA:88,5,1,22
BRDA:99,6,0,0
BRDA:99,6,1,0
BRDA:99,7,0,0
BRDA:99,7,1,0
BRDA:99,8,0,0
BRDA:99,8,1,0
BRDA:100,9,0,0
BRDA:100,9,1,0
BRDA:101,10,0,0
BRDA:101,10,1,0
BRDA:112,11,0,4
BRDA:112,11,1,0
BRDA:113,12,0,1
BRDA:113,12,1,3
BRDA:115,13,0,1
BRDA:115,13,1,2
BRDA:125,14,0,137
BRDA:125,14,1,0
BRDA:126,15,0,0
BRDA:126,15,1,137
BRDA:131,16,0,20
BRDA:131,16,1,1
BRDA:131,17,0,20
BRDA:131,17,1,0
BRDA:131,18,0,20
BRDA:131,18,1,0
BRDA:134,19,0,1
BRDA:134,19,1,19
BRDA:135,20,0,0
BRDA:135,20,1,19
BRDA:138,21,0,0
BRDA:138,21,1,19
BRDA:139,22,0,1
BRDA:139,22,1,18
BRDA:153,23,0,29
BRDA:153,23,1,0
BRDA:153,24,0,28
BRDA:153,24,1,1
BRDA:154,25,0,0
BRDA:154,25,1,28
BRDA:156,26,0,1
BRDA:156,26,1,27
BRDA:157,27,0,1
BRDA:157,27,1,26
BRDA:158,28,0,1
BRDA:158,28,1,25
BRDA:159,29,0,2
BRDA:159,29,1,23
BRDA:163,30,0,8
BRDA:163,30,1,15
BRDA:171,31,0,2
BRDA:171,31,1,21
BRDA:173,32,0,5
BRDA:173,32,1,16
BRDA:184,33,0,3
BRDA:184,33,1,5
BRDA:189,34,0,2
BRDA:189,34,1,3
BRDA:210,35,0,3
BRDA:210,35,1,0
BRDA:216,36,0,1
BRDA:216,36,1,1
BRDA:216,37,0,1
BRDA:216,37,1,0
BRDA:217,38,0,0
BRDA:217,38,1,1
BRDA:219,39,0,0
BRDA:219,39,1,1
BRDA:223,40,0,0
BRDA:223,40,1,0
BRDA:224,41,0,0
BRDA:224,41,1,0
BRDA:230,42,0,17
BRDA:230,42,1,0
BRDA:231,43,0,0
BRDA:231,43,1,17
BRDA:236,44,0,0
BRDA:236,44,1,0
BRDA:241,45,0,4
BRDA:241,45,1,1
BRDA:245,46,0,1
BRDA:245,46,1,0
BRDA:267,47,0,0
BRDA:267,47,1,1
BRDA:273,48,0,0
BRDA:273,48,1,2
BRF:96
BRH:60
end_of_record
TN:
SF:/home/runner/workspace/contracts/contracts/ClawTrustCrew.sol
FN:74,onlyAuthorized
FN:79,onlyCrewLead
FN:86,constructor
FN:92,formCrew
FN:156,formCrewFor
FN:177,addMember
FN:193,removeMember
FN:215,dissolveCrew
FN:229,recordGigCompletion
FN:237,getCrewInfo
FN:251,getCrewMembers
FN:267,verifyMembership
FN:272,getMemberRole
FN:278,getAgentCrew
FN:282,authorizeCaller
FN:288,revokeCaller
FN:293,pause
FN:294,unpause
FNF:18
FNH:16
FNDA:4,onlyAuthorized
FNDA:11,onlyCrewLead
FNDA:28,constructor
FNDA:25,formCrew
FNDA:1,formCrewFor
FNDA:2,addMember
FNDA:5,removeMember
FNDA:2,dissolveCrew
FNDA:1,recordGigCompletion
FNDA:3,getCrewInfo
FNDA:1,getCrewMembers
FNDA:3,verifyMembership
FNDA:0,getMemberRole
FNDA:2,getAgentCrew
FNDA:2,authorizeCaller
FNDA:0,revokeCaller
FNDA:4,pause
FNDA:2,unpause
DA:75,4
DA:76,3
DA:80,11
DA:81,11
DA:82,9
DA:83,9
DA:93,25
DA:94,24
DA:95,23
DA:96,22
DA:99,21
DA:100,21
DA:102,21
DA:103,21
DA:104,21
DA:105,21
DA:106,21
DA:107,21
DA:109,21
DA:111,21
DA:112,48
DA:113,48
DA:114,48
DA:115,47
DA:116,46
DA:118,45
DA:119,45
DA:120,45
DA:121,45
DA:123,45
DA:126,18
DA:127,1
DA:128,1
DA:129,1
DA:130,1
DA:131,1
DA:134,18
DA:135,18
DA:137,18
DA:138,18
DA:157,1
DA:158,1
DA:160,1
DA:161,1
DA:163,1
DA:164,1
DA:165,1
DA:166,1
DA:167,1
DA:168,1
DA:170,1
DA:171,1
DA:173,1
DA:174,1
DA:178,2
DA:179,2
DA:180,2
DA:181,1
DA:182,1
DA:183,1
DA:185,1
DA:186,1
DA:187,1
DA:188,1
DA:190,1
DA:194,5
DA:195,5
DA:196,4
DA:197,3
DA:199,2
DA:200,2
DA:201,2
DA:203,2
DA:204,2
DA:205,4
DA:206,2
DA:207,2
DA:208,2
DA:212,2
DA:216,2
DA:218,2
DA:219,2
DA:222,2
DA:224,2
DA:226,2
DA:230,1
DA:231,1
DA:233,1
DA:234,1
DA:238,3
DA:239,3
DA:240,3
DA:252,1
DA:253,1
DA:255,1
DA:256,1
DA:257,3
DA:258,3
DA:264,1
DA:268,3
DA:269,2
DA:273,0
DA:274,0
DA:275,0
DA:279,2
DA:283,2
DA:284,2
DA:285,2
DA:289,0
DA:290,0
LF:110
LH:105
BRDA:75,1,0,1
BRDA:75,1,1,3
BRDA:80,2,0,0
BRDA:80,2,1,11
BRDA:81,3,0,2
BRDA:81,3,1,9
BRDA:82,4,0,0
BRDA:82,4,1,9
BRDA:92,5,0,25
BRDA:92,5,1,1
BRDA:93,6,0,1
BRDA:93,6,1,24
BRDA:94,7,0,1
BRDA:94,7,1,23
BRDA:95,8,0,1
BRDA:95,8,1,22
BRDA:96,9,0,1
BRDA:96,9,1,21
BRDA:100,10,0,0
BRDA:100,10,1,21
BRDA:113,11,0,0
BRDA:113,11,1,48
BRDA:114,12,0,1
BRDA:114,12,1,47
BRDA:115,13,0,1
BRDA:115,13,1,46
BRDA:116,14,0,1
BRDA:116,14,1,45
BRDA:123,15,0,19
BRDA:123,15,1,26
BRDA:126,16,0,1
BRDA:126,16,1,17
BRDA:127,17,0,0
BRDA:127,17,1,1
BRDA:156,18,0,2
BRDA:156,18,1,0
BRDA:156,19,0,1
BRDA:156,19,1,1
BRDA:157,20,0,0
BRDA:157,20,1,1
BRDA:158,21,0,0
BRDA:158,21,1,1
BRDA:161,22,0,0
BRDA:161,22,1,1
BRDA:177,23,0,2
BRDA:177,23,1,1
BRDA:179,24,0,0
BRDA:179,24,1,2
BRDA:180,25,0,1
BRDA:180,25,1,1
BRDA:181,26,0,0
BRDA:181,26,1,1
BRDA:182,27,0,0
BRDA:182,27,1,1
BRDA:183,28,0,0
BRDA:183,28,1,1
BRDA:193,29,0,5
BRDA:193,29,1,0
BRDA:195,30,0,1
BRDA:195,30,1,4
BRDA:196,31,0,1
BRDA:196,31,1,3
BRDA:197,32,0,1
BRDA:197,32,1,2
BRDA:205,33,0,2
BRDA:205,33,1,2
BRDA:215,34,0,2
BRDA:215,34,1,1
BRDA:229,35,0,1
BRDA:229,35,1,1
BRDA:230,36,0,0
BRDA:230,36,1,1
BRDA:231,37,0,0
BRDA:231,37,1,1
BRDA:238,38,0,0
BRDA:238,38,1,3
BRDA:252,39,0,0
BRDA:252,39,1,1
BRDA:268,40,0,1
BRDA:268,40,1,2
BRDA:273,41,0,0
BRDA:273,41,1,0
BRDA:274,42,0,0
BRDA:274,42,1,0
BRDA:282,43,0,2
BRDA:282,43,1,0
BRDA:283,44,0,0
BRDA:283,44,1,2
BRDA:288,45,0,0
BRDA:288,45,1,0
BRDA:293,46,0,4
BRDA:293,46,1,1
BRDA:294,47,0,2
BRDA:294,47,1,0
BRF:94
BRH:67
end_of_record
TN:
SF:/home/runner/workspace/contracts/contracts/ClawTrustEscrow.sol
FN:89,constructor
FN:120,lockUSDC
FN:135,lockUSDCDirect
FN:155,lockUSDCViaX402
FN:167,release
FN:177,refund
FN:186,refundAfterTimeout
FN:195,dispute
FN:206,claimAfterDisputeTimeout
FN:218,resolveDispute
FN:236,releaseOnSwarmApproval
FN:257,_validateLockParams
FN:267,_createEscrow
FN:291,_releaseEscrow
FN:306,_doRefund
FN:317,setPlatformFeeRate
FN:324,setX402Facilitator
FN:331,setTreasury
FN:336,setSwarmRequired
FN:341,verifySwarmConnection
FN:351,pause
FN:352,unpause
FN:354,getEscrow
FNF:23
FNH:22
FNDA:47,constructor
FNDA:21,lockUSDC
FNDA:7,lockUSDCDirect
FNDA:4,lockUSDCViaX402
FNDA:6,release
FNDA:1,refund
FNDA:2,refundAfterTimeout
FNDA:11,dispute
FNDA:3,claimAfterDisputeTimeout
FNDA:3,resolveDispute
FNDA:0,releaseOnSwarmApproval
FNDA:30,_validateLockParams
FNDA:25,_createEscrow
FNDA:4,_releaseEscrow
FNDA:5,_doRefund
FNDA:4,setPlatformFeeRate
FNDA:6,setX402Facilitator
FNDA:4,setTreasury
FNDA:3,setSwarmRequired
FNDA:2,verifySwarmConnection
FNDA:2,pause
FNDA:1,unpause
FNDA:16,getEscrow
DA:90,47
DA:91,47
DA:92,47
DA:93,47
DA:98,47
DA:99,47
DA:100,47
DA:101,47
DA:103,47
DA:104,47
DA:121,21
DA:123,17
DA:124,17
DA:136,7
DA:138,7
DA:139,7
DA:156,4
DA:157,3
DA:158,2
DA:159,2
DA:161,1
DA:162,1
DA:168,6
DA:169,6
DA:170,6
DA:171,5
DA:172,4
DA:174,3
DA:178,1
DA:179,1
DA:180,1
DA:181,1
DA:183,1
DA:187,2
DA:188,2
DA:189,2
DA:190,2
DA:192,1
DA:196,11
DA:197,11
DA:198,11
DA:199,10
DA:201,9
DA:202,9
DA:203,9
DA:207,3
DA:208,3
DA:209,3
DA:210,3
DA:215,2
DA:219,3
DA:220,3
DA:221,3
DA:223,2
DA:224,1
DA:226,1
DA:229,2
DA:237,0
DA:239,0
DA:240,0
DA:241,0
DA:244,0
DA:249,0
DA:250,0
DA:252,0
DA:258,30
DA:259,30
DA:260,29
DA:261,29
DA:262,28
DA:263,28
DA:264,27
DA:274,25
DA:285,25
DA:287,25
DA:288,25
DA:292,4
DA:293,4
DA:295,4
DA:296,4
DA:298,4
DA:299,4
DA:300,4
DA:303,4
DA:307,5
DA:308,5
DA:310,5
DA:312,5
DA:318,4
DA:319,2
DA:320,2
DA:321,2
DA:325,6
DA:326,5
DA:327,5
DA:328,5
DA:332,4
DA:333,2
DA:337,3
DA:338,2
DA:345,2
DA:355,16
DA:356,15
LF:103
LH:95
BRDA:90,1,0,0
BRDA:90,1,1,47
BRDA:91,2,0,0
BRDA:91,2,1,47
BRDA:92,3,0,0
BRDA:92,3,1,47
BRDA:93,4,0,0
BRDA:93,4,1,47
BRDA:120,5,0,22
BRDA:120,5,1,0
BRDA:120,6,0,21
BRDA:120,6,1,1
BRDA:135,7,0,7
BRDA:135,7,1,0
BRDA:135,8,0,7
BRDA:135,8,1,0
BRDA:155,9,0,4
BRDA:155,9,1,0
BRDA:155,10,0,4
BRDA:155,10,1,0
BRDA:156,11,0,1
BRDA:156,11,1,3
BRDA:157,12,0,1
BRDA:157,12,1,2
BRDA:159,13,0,1
BRDA:159,13,1,1
BRDA:167,14,0,6
BRDA:167,14,1,0
BRDA:167,15,0,6
BRDA:167,15,1,0
BRDA:169,16,0,0
BRDA:169,16,1,6
BRDA:170,17,0,1
BRDA:170,17,1,5
BRDA:171,18,0,1
BRDA:171,18,1,4
BRDA:172,19,0,1
BRDA:172,19,1,3
BRDA:177,20,0,1
BRDA:177,20,1,0
BRDA:177,21,0,1
BRDA:177,21,1,0
BRDA:179,22,0,0
BRDA:179,22,1,1
BRDA:180,23,0,0
BRDA:180,23,1,1
BRDA:181,24,0,0
BRDA:181,24,1,1
BRDA:186,25,0,2
BRDA:186,25,1,0
BRDA:188,26,0,0
BRDA:188,26,1,2
BRDA:189,27,0,0
BRDA:189,27,1,2
BRDA:190,28,0,1
BRDA:190,28,1,1
BRDA:195,29,0,11
BRDA:195,29,1,0
BRDA:195,30,0,11
BRDA:195,30,1,0
BRDA:197,31,0,0
BRDA:197,31,1,11
BRDA:198,32,0,1
BRDA:198,32,1,10
BRDA:199,33,0,1
BRDA:199,33,1,9
BRDA:206,34,0,3
BRDA:206,34,1,0
BRDA:208,35,0,0
BRDA:208,35,1,3
BRDA:209,36,0,0
BRDA:209,36,1,3
BRDA:210,37,0,1
BRDA:210,37,1,2
BRDA:218,38,0,3
BRDA:218,38,1,1
BRDA:218,39,0,3
BRDA:218,39,1,0
BRDA:220,40,0,0
BRDA:220,40,1,3
BRDA:221,41,0,1
BRDA:221,41,1,2
BRDA:223,42,0,1
BRDA:223,42,1,1
BRDA:236,43,0,0
BRDA:236,43,1,0
BRDA:237,44,0,0
BRDA:237,44,1,0
BRDA:240,45,0,0
BRDA:240,45,1,0
BRDA:241,46,0,0
BRDA:241,46,1,0
BRDA:249,47,0,0
BRDA:249,47,1,0
BRDA:250,48,0,0
BRDA:250,48,1,0
BRDA:250,49,0,0
BRDA:250,49,1,0
BRDA:258,50,0,0
BRDA:258,50,1,30
BRDA:259,51,0,1
BRDA:259,51,1,29
BRDA:260,52,0,0
BRDA:260,52,1,29
BRDA:261,53,0,1
BRDA:261,53,1,28
BRDA:262,54,0,0
BRDA:262,54,1,28
BRDA:263,55,0,1
BRDA:263,55,1,27
BRDA:264,56,0,1
BRDA:264,56,1,26
BRDA:299,57,0,4
BRDA:299,57,1,0
BRDA:317,58,0,4
BRDA:317,58,1,0
BRDA:318,59,0,2
BRDA:318,59,1,2
BRDA:324,60,0,6
BRDA:324,60,1,1
BRDA:325,61,0,1
BRDA:325,61,1,5
BRDA:331,62,0,4
BRDA:331,62,1,0
BRDA:332,63,0,2
BRDA:332,63,1,2
BRDA:336,64,0,3
BRDA:336,64,1,0
BRDA:337,65,0,1
BRDA:337,65,1,2
BRDA:351,66,0,2
BRDA:351,66,1,0
BRDA:352,67,0,1
BRDA:352,67,1,0
BRDA:355,68,0,1
BRDA:355,68,1,15
BRF:136
BRH:85
end_of_record
TN:
SF:/home/runner/workspace/contracts/contracts/ClawTrustRegistry.sol
FN:88,constructor
FN:99,register
FN:132,resolve
FN:141,isAvailable
FN:148,getDomain
FN:153,getOwnerTokenIds
FN:173,renew
FN:185,tokenURI
FN:206,pause
FN:207,unpause
FN:209,supportsInterface
FN:215,_validateTLD
FN:226,_validateName
FN:254,_domainKey
FN:262,_update
FNF:15
FNH:15
FNDA:69,constructor
FNDA:61,register
FNDA:15,resolve
FNDA:9,isAvailable
FNDA:21,getDomain
FNDA:3,getOwnerTokenIds
FNDA:3,renew
FNDA:2,tokenURI
FNDA:2,pause
FNDA:1,unpause
FNDA:2,supportsInterface
FNDA:61,_validateTLD
FNDA:58,_validateName
FNDA:66,_domainKey
FNDA:43,_update
DA:89,69
DA:90,69
DA:91,69
DA:100,61
DA:102,61
DA:103,58
DA:105,42
DA:106,42
DA:108,41
DA:109,41
DA:111,41
DA:121,41
DA:122,41
DA:123,41
DA:125,41
DA:128,41
DA:129,41
DA:133,15
DA:134,15
DA:135,14
DA:136,14
DA:137,14
DA:138,13
DA:142,9
DA:143,9
DA:144,6
DA:145,6
DA:149,21
DA:150,19
DA:154,3
DA:155,3
DA:156,3
DA:157,4
DA:158,4
DA:159,4
DA:162,3
DA:163,3
DA:164,3
DA:165,4
DA:166,4
DA:167,4
DA:170,3
DA:174,3
DA:178,2
DA:181,2
DA:182,2
DA:186,2
DA:187,1
DA:188,1
DA:189,1
DA:200,1
DA:212,2
DA:216,61
DA:217,61
DA:223,61
DA:227,58
DA:228,58
DA:230,56
DA:231,349
DA:232,349
DA:235,349
DA:238,52
DA:239,52
DA:255,66
DA:265,43
DA:267,43
DA:268,2
DA:269,2
DA:270,2
DA:272,43
LF:70
LH:70
BRDA:99,1,0,62
BRDA:99,1,1,1
BRDA:99,2,0,62
BRDA:99,2,1,0
BRDA:99,3,0,61
BRDA:99,3,1,1
BRDA:100,4,0,0
BRDA:100,4,1,61
BRDA:106,5,0,1
BRDA:106,5,1,41
BRDA:134,6,0,1
BRDA:134,6,1,14
BRDA:137,7,0,1
BRDA:137,7,1,13
BRDA:143,8,0,3
BRDA:143,8,1,6
BRDA:149,9,0,2
BRDA:149,9,1,19
BRDA:158,10,0,4
BRDA:158,10,1,0
BRDA:166,11,0,4
BRDA:166,11,1,0
BRDA:173,12,0,3
BRDA:173,12,1,0
BRDA:174,13,0,1
BRDA:174,13,1,2
BRDA:179,14,0,1
BRDA:179,14,1,1
BRDA:186,15,0,1
BRDA:186,15,1,1
BRDA:206,16,0,2
BRDA:206,16,1,1
BRDA:207,17,0,1
BRDA:207,17,1,0
BRDA:223,18,0,3
BRDA:223,18,1,58
BRDA:228,19,0,2
BRDA:228,19,1,56
BRDA:228,20,0,1
BRDA:228,20,1,1
BRDA:235,21,0,4
BRDA:235,21,1,345
BRDA:239,22,0,10
BRDA:239,22,1,42
BRDA:240,23,0,1
BRDA:240,23,1,1
BRDA:240,24,0,1
BRDA:240,24,1,1
BRDA:240,25,0,1
BRDA:240,25,1,1
BRDA:240,26,0,1
BRDA:240,26,1,1
BRDA:240,27,0,1
BRDA:240,27,1,1
BRDA:240,28,0,1
BRDA:240,28,1,1
BRDA:240,29,0,1
BRDA:240,29,1,1
BRDA:240,30,0,1
BRDA:240,30,1,1
BRDA:240,31,0,1
BRDA:240,31,1,1
BRDA:240,32,0,1
BRDA:240,32,1,0
BRDA:267,33,0,2
BRDA:267,33,1,41
BRDA:268,34,0,0
BRDA:268,34,1,2
BRF:68
BRH:60
end_of_record
TN:
SF:/home/runner/workspace/contracts/contracts/ClawTrustRepAdapter.sol
FN:90,onlyOracle
FN:95,rateLimited
FN:103,constructor
FN:115,computeFusedScore
FN:150,updateFusedScore
FN:179,updateFusedScoreBatch
FN:229,submitFeedback
FN:254,getScore
FN:261,getFeedbackCount
FN:268,getFeedback
FN:276,getReputation
FN:289,_computeTier
FN:307,submitFusedFeedback
FN:342,_appendHistory
FN:355,getFusedScore
FN:359,getScoreHistory
FN:376,getHistoryLength
FN:382,authorizeOracle
FN:391,revokeOracle
FN:400,setMinOracleCount
FN:410,setUpdateCooldown
FN:418,pause
FN:419,unpause
FN:421,verifyProof
FNF:24
FNH:22
FNDA:37,onlyOracle
FNDA:21,rateLimited
FNDA:53,constructor
FNDA:26,computeFusedScore
FNDA:20,updateFusedScore
FNDA:4,updateFusedScoreBatch
FNDA:7,submitFeedback
FNDA:0,getScore
FNDA:1,getFeedbackCount
FNDA:1,getFeedback
FNDA:7,getReputation
FNDA:7,_computeTier
FNDA:0,submitFusedFeedback
FNDA:21,_appendHistory
FNDA:4,getFusedScore
FNDA:5,getScoreHistory
FNDA:1,getHistoryLength
FNDA:57,authorizeOracle
FNDA:5,revokeOracle
FNDA:3,setMinOracleCount
FNDA:5,setUpdateCooldown
FNDA:2,pause
FNDA:1,unpause
FNDA:5,verifyProof
DA:91,37
DA:92,34
DA:96,21
DA:97,1
DA:99,20
DA:100,19
DA:104,53
DA:105,53
DA:121,26
DA:122,25
DA:123,24
DA:124,24
DA:129,24
DA:130,24
DA:132,24
DA:139,24
DA:140,24
DA:151,20
DA:152,20
DA:154,19
DA:155,19
DA:157,19
DA:167,19
DA:169,19
DA:180,4
DA:181,4
DA:182,3
DA:187,1
DA:190,2
DA:191,3
DA:192,3
DA:193,3
DA:195,3
DA:197,2
DA:198,2
DA:200,2
DA:210,2
DA:211,2
DA:213,2
DA:230,7
DA:231,6
DA:233,5
DA:242,5
DA:243,5
DA:245,5
DA:247,0
DA:255,0
DA:262,1
DA:269,1
DA:282,7
DA:283,7
DA:284,7
DA:285,7
DA:286,7
DA:290,7
DA:291,6
DA:292,5
DA:293,4
DA:294,2
DA:308,0
DA:309,0
DA:311,0
DA:312,0
DA:314,0
DA:324,0
DA:326,0
DA:328,0
DA:330,0
DA:334,0
DA:337,0
DA:343,21
DA:344,21
DA:346,21
DA:347,21
DA:349,0
DA:350,0
DA:351,0
DA:356,4
DA:364,5
DA:365,5
DA:366,5
DA:367,2
DA:368,2
DA:369,2
DA:370,2
DA:371,2
DA:373,2
DA:377,1
DA:383,57
DA:384,57
DA:385,57
DA:386,57
DA:387,57
DA:392,5
DA:393,5
DA:394,3
DA:395,3
DA:396,3
DA:401,3
DA:404,3
DA:405,2
DA:406,2
DA:407,2
DA:412,5
DA:413,3
DA:414,3
DA:415,3
DA:422,5
DA:424,5
LF:109
LH:93
BRDA:91,1,0,3
BRDA:91,1,1,34
BRDA:96,2,0,1
BRDA:96,2,1,20
BRDA:104,3,0,0
BRDA:104,3,1,53
BRDA:121,4,0,1
BRDA:121,4,1,25
BRDA:122,5,0,1
BRDA:122,5,1,24
BRDA:123,6,0,0
BRDA:123,6,1,24
BRDA:124,7,0,0
BRDA:124,7,1,24
BRDA:139,8,0,0
BRDA:139,8,1,24
BRDA:150,9,0,22
BRDA:150,9,1,2
BRDA:150,10,0,21
BRDA:150,10,1,1
BRDA:150,11,0,20
BRDA:150,11,1,1
BRDA:151,12,0,0
BRDA:151,12,1,20
BRDA:152,13,0,1
BRDA:152,13,1,19
BRDA:179,14,0,4
BRDA:179,14,1,0
BRDA:179,15,0,4
BRDA:179,15,1,0
BRDA:181,16,0,1
BRDA:181,16,1,3
BRDA:182,17,0,1
BRDA:182,17,1,2
BRDA:182,18,0,1
BRDA:182,18,1,0
BRDA:182,19,0,0
BRDA:182,19,1,0
BRDA:182,20,0,0
BRDA:182,20,1,0
BRDA:182,21,0,0
BRDA:182,21,1,0
BRDA:192,22,0,0
BRDA:192,22,1,3
BRDA:193,23,0,0
BRDA:193,23,1,3
BRDA:195,24,0,1
BRDA:195,24,1,2
BRDA:229,25,0,8
BRDA:229,25,1,1
BRDA:229,26,0,7
BRDA:229,26,1,1
BRDA:229,27,0,7
BRDA:229,27,1,0
BRDA:230,28,0,1
BRDA:230,28,1,6
BRDA:231,29,0,1
BRDA:231,29,1,5
BRDA:290,30,0,1
BRDA:290,30,1,6
BRDA:291,31,0,1
BRDA:291,31,1,5
BRDA:292,32,0,1
BRDA:292,32,1,4
BRDA:293,33,0,2
BRDA:293,33,1,2
BRDA:307,34,0,0
BRDA:307,34,1,0
BRDA:307,35,0,0
BRDA:307,35,1,0
BRDA:307,36,0,0
BRDA:307,36,1,0
BRDA:307,37,0,0
BRDA:307,37,1,0
BRDA:308,38,0,0
BRDA:308,38,1,0
BRDA:309,39,0,0
BRDA:309,39,1,0
BRDA:346,40,0,21
BRDA:346,40,1,0
BRDA:366,41,0,3
BRDA:366,41,1,2
BRDA:367,42,0,2
BRDA:367,42,1,0
BRDA:382,43,0,57
BRDA:382,43,1,1
BRDA:383,44,0,0
BRDA:383,44,1,57
BRDA:384,45,0,57
BRDA:384,45,1,0
BRDA:391,46,0,5
BRDA:391,46,1,0
BRDA:392,47,0,5
BRDA:392,47,1,0
BRDA:393,48,0,2
BRDA:393,48,1,3
BRDA:400,49,0,3
BRDA:400,49,1,0
BRDA:401,50,0,0
BRDA:401,50,1,3
BRDA:404,51,0,1
BRDA:404,51,1,2
BRDA:410,52,0,5
BRDA:410,52,1,0
BRDA:412,53,0,2
BRDA:412,53,1,3
BRDA:418,54,0,2
BRDA:418,54,1,0
BRDA:419,55,0,1
BRDA:419,55,1,0
BRF:110
BRH:70
end_of_record
TN:
SF:/home/runner/workspace/contracts/contracts/ClawTrustSwarmValidator.sol
FN:107,onlyEscrowOrOwner
FN:112,constructor
FN:129,createValidation
FN:170,vote
FN:197,_checkThreshold
FN:212,_expireValidation
FN:222,expireValidation
FN:231,_refundRewardPool
FN:243,claimReward
FN:269,aggregateVotes
FN:287,getValidationInfo
FN:307,hasVoted
FN:312,getVote
FN:317,isCandidate
FN:322,setDefaultThreshold
FN:329,setDefaultCandidateCount
FN:334,pause
FN:335,unpause
FN:337,setEscrowContract
FN:346,sweepResidualRewards
FN:363,computeRewardPool
FN:367,getGigVerdict
FNF:22
FNH:22
FNDA:39,onlyEscrowOrOwner
FNDA:97,constructor
FNDA:38,createValidation
FNDA:43,vote
FNDA:39,_checkThreshold
FNDA:3,_expireValidation
FNDA:4,expireValidation
FNDA:7,_refundRewardPool
FNDA:5,claimReward
FNDA:3,aggregateVotes
FNDA:9,getValidationInfo
FNDA:3,hasVoted
FNDA:1,getVote
FNDA:2,isCandidate
FNDA:5,setDefaultThreshold
FNDA:2,setDefaultCandidateCount
FNDA:1,pause
FNDA:1,unpause
FNDA:3,setEscrowContract
FNDA:5,sweepResidualRewards
FNDA:2,computeRewardPool
FNDA:5,getGigVerdict
DA:108,39
DA:109,38
DA:113,97
DA:114,97
DA:130,38
DA:131,37
DA:132,37
DA:133,37
DA:134,36
DA:135,35
DA:137,34
DA:138,8
DA:141,34
DA:142,34
DA:143,34
DA:144,34
DA:145,34
DA:146,34
DA:147,34
DA:148,34
DA:149,34
DA:150,34
DA:151,34
DA:152,34
DA:154,34
DA:155,115
DA:156,115
DA:157,115
DA:158,114
DA:159,113
DA:161,113
DA:162,113
DA:165,32
DA:167,32
DA:171,43
DA:172,43
DA:174,43
DA:175,42
DA:176,0
DA:178,42
DA:179,42
DA:180,41
DA:181,39
DA:182,39
DA:184,39
DA:186,39
DA:187,28
DA:189,11
DA:192,39
DA:194,39
DA:198,39
DA:199,39
DA:200,39
DA:201,10
DA:202,10
DA:203,10
DA:205,4
DA:206,4
DA:207,4
DA:208,4
DA:213,3
DA:214,3
DA:215,3
DA:216,3
DA:217,3
DA:223,4
DA:224,4
DA:225,4
DA:226,4
DA:228,3
DA:232,7
DA:233,7
DA:235,1
DA:236,1
DA:237,1
DA:239,1
DA:240,1
DA:244,5
DA:245,5
DA:247,5
DA:248,4
DA:249,4
DA:250,3
DA:252,3
DA:253,3
DA:255,3
DA:256,3
DA:257,3
DA:258,0
DA:261,3
DA:262,3
DA:264,3
DA:266,3
DA:276,3
DA:277,1
DA:278,1
DA:288,9
DA:289,9
DA:290,9
DA:308,3
DA:309,3
DA:313,1
DA:314,1
DA:318,2
DA:319,2
DA:323,5
DA:324,2
DA:325,2
DA:326,2
DA:330,2
DA:331,1
DA:338,3
DA:339,2
DA:340,2
DA:341,2
DA:347,5
DA:348,5
DA:349,4
DA:350,4
DA:351,3
DA:353,2
DA:354,2
DA:356,1
DA:358,1
DA:360,1
DA:364,2
DA:368,5
DA:369,4
DA:371,4
DA:373,3
DA:375,2
DA:376,1
LF:132
LH:130
BRDA:108,1,0,1
BRDA:108,1,1,38
BRDA:113,2,0,0
BRDA:113,2,1,97
BRDA:129,3,0,39
BRDA:129,3,1,0
BRDA:129,4,0,38
BRDA:129,4,1,1
BRDA:129,5,0,38
BRDA:129,5,1,0
BRDA:130,6,0,1
BRDA:130,6,1,37
BRDA:131,7,0,0
BRDA:131,7,1,37
BRDA:132,8,0,0
BRDA:132,8,1,37
BRDA:133,9,0,1
BRDA:133,9,1,36
BRDA:134,10,0,1
BRDA:134,10,1,35
BRDA:135,11,0,1
BRDA:135,11,1,34
BRDA:137,12,0,8
BRDA:137,12,1,26
BRDA:156,13,0,0
BRDA:156,13,1,115
BRDA:157,14,0,1
BRDA:157,14,1,114
BRDA:158,15,0,1
BRDA:158,15,1,113
BRDA:159,16,0,0
BRDA:159,16,1,113
BRDA:170,17,0,43
BRDA:170,17,1,0
BRDA:170,18,0,43
BRDA:170,18,1,0
BRDA:171,19,0,0
BRDA:171,19,1,43
BRDA:174,20,0,1
BRDA:174,20,1,42
BRDA:175,21,0,0
BRDA:175,21,1,42
BRDA:178,22,0,0
BRDA:178,22,1,42
BRDA:179,23,0,1
BRDA:179,23,1,41
BRDA:180,24,0,2
BRDA:180,24,1,39
BRDA:181,25,0,0
BRDA:181,25,1,39
BRDA:182,26,0,0
BRDA:182,26,1,39
BRDA:186,27,0,28
BRDA:186,27,1,11
BRDA:199,28,0,0
BRDA:199,28,1,39
BRDA:200,29,0,10
BRDA:200,29,1,29
BRDA:204,30,0,4
BRDA:204,30,1,25
BRDA:222,31,0,4
BRDA:222,31,1,1
BRDA:223,32,0,0
BRDA:223,32,1,4
BRDA:225,33,0,0
BRDA:225,33,1,4
BRDA:226,34,0,1
BRDA:226,34,1,3
BRDA:233,35,0,6
BRDA:233,35,1,1
BRDA:236,36,0,0
BRDA:236,36,1,1
BRDA:239,37,0,1
BRDA:239,37,1,0
BRDA:243,38,0,5
BRDA:243,38,1,0
BRDA:244,39,0,0
BRDA:244,39,1,5
BRDA:247,40,0,1
BRDA:247,40,1,4
BRDA:248,41,0,0
BRDA:248,41,1,4
BRDA:249,42,0,1
BRDA:249,42,1,3
BRDA:250,43,0,0
BRDA:250,43,1,3
BRDA:250,44,0,0
BRDA:250,44,1,0
BRDA:253,45,0,0
BRDA:253,45,1,3
BRDA:256,46,0,0
BRDA:256,46,1,3
BRDA:257,47,0,0
BRDA:257,47,1,3
BRDA:276,48,0,2
BRDA:276,48,1,1
BRDA:288,49,0,0
BRDA:288,49,1,9
BRDA:308,50,0,0
BRDA:308,50,1,3
BRDA:313,51,0,0
BRDA:313,51,1,1
BRDA:318,52,0,0
BRDA:318,52,1,2
BRDA:322,53,0,5
BRDA:322,53,1,0
BRDA:323,54,0,3
BRDA:323,54,1,2
BRDA:323,55,0,2
BRDA:323,55,1,1
BRDA:329,56,0,2
BRDA:329,56,1,0
BRDA:330,57,0,1
BRDA:330,57,1,1
BRDA:330,58,0,1
BRDA:330,58,1,0
BRDA:334,59,0,1
BRDA:334,59,1,0
BRDA:335,60,0,1
BRDA:335,60,1,0
BRDA:337,61,0,3
BRDA:337,61,1,0
BRDA:338,62,0,1
BRDA:338,62,1,2
BRDA:346,63,0,5
BRDA:346,63,1,0
BRDA:346,64,0,5
BRDA:346,64,1,0
BRDA:347,65,0,0
BRDA:347,65,1,5
BRDA:348,66,0,1
BRDA:348,66,1,4
BRDA:350,67,0,1
BRDA:350,67,1,3
BRDA:351,68,0,1
BRDA:351,68,1,2
BRDA:354,69,0,1
BRDA:354,69,1,1
BRDA:368,70,0,1
BRDA:368,70,1,4
BRDA:371,71,0,1
BRDA:371,71,1,3
BRDA:373,72,0,1
BRDA:373,72,1,2
BRDA:375,73,0,1
BRDA:375,73,1,1
BRF:146
BRH:105
end_of_record
TN:
SF:/home/runner/workspace/contracts/contracts/ERC8004IdentityRegistry.sol
FN:24,constructor
FN:28,registerIdentity
FN:50,getIdentity
FN:55,getIdentityByHandle
FN:61,updateMetadata
FN:67,ownerOfIdentity
FN:72,isRegistered
FN:81,submitFeedback
FN:99,getScore
FN:103,getFeedbackCount
FN:107,getFeedback
FNF:11
FNH:11
FNDA:36,constructor
FNDA:18,registerIdentity
FNDA:6,getIdentity
FNDA:3,getIdentityByHandle
FNDA:4,updateMetadata
FNDA:2,ownerOfIdentity
FNDA:4,isRegistered
FNDA:17,submitFeedback
FNDA:6,getScore
FNDA:2,getFeedbackCount
FNDA:5,getFeedback
DA:25,36
DA:33,18
DA:34,17
DA:36,16
DA:37,16
DA:43,16
DA:44,16
DA:45,16
DA:47,16
DA:51,6
DA:52,4
DA:56,3
DA:57,3
DA:58,2
DA:62,4
DA:63,2
DA:64,2
DA:68,2
DA:69,1
DA:73,4
DA:82,17
DA:90,17
DA:91,17
DA:92,17
DA:93,17
DA:95,17
DA:96,17
DA:100,6
DA:104,2
DA:108,5
DA:109,3
LF:31
LH:31
BRDA:33,1,0,1
BRDA:33,1,1,17
BRDA:34,2,0,1
BRDA:34,2,1,16
BRDA:51,3,0,2
BRDA:51,3,1,4
BRDA:57,4,0,1
BRDA:57,4,1,2
BRDA:62,5,0,2
BRDA:62,5,1,2
BRDA:68,6,0,1
BRDA:68,6,1,1
BRDA:81,7,0,17
BRDA:81,7,1,1
BRDA:91,8,0,1
BRDA:91,8,1,16
BRDA:92,9,0,1
BRDA:92,9,1,16
BRDA:108,10,0,2
BRDA:108,10,1,3
BRF:20
BRH:20
end_of_record
TN:
SF:/home/runner/workspace/contracts/contracts/interfaces/IClawTrustContracts.sol
FNF:0
FNH:0
LF:0
LH:0
BRF:0
BRH:0
end_of_record
TN:
SF:/home/runner/workspace/contracts/contracts/interfaces/IClawTrustSwarmValidator.sol
FNF:0
FNH:0
LF:0
LH:0
BRF:0
BRH:0
end_of_record
TN:
SF:/home/runner/workspace/contracts/contracts/interfaces/IERC8004Identity.sol
FNF:0
FNH:0
LF:0
LH:0
BRF:0
BRH:0
end_of_record
TN:
SF:/home/runner/workspace/contracts/contracts/interfaces/IERC8004Reputation.sol
FNF:0
FNH:0
LF:0
LH:0
BRF:0
BRH:0
end_of_record
TN:
SF:/home/runner/workspace/contracts/contracts/interfaces/IERC8183.sol
FNF:0
FNH:0
LF:0
LH:0
BRF:0
BRH:0
end_of_record
TN:
SF:/home/runner/workspace/contracts/contracts/MockBond.sol
FN:5,getBond
FNF:1
FNH:0
FNDA:0,getBond
DA:12,0
LF:1
LH:0
BRF:0
BRH:0
end_of_record
TN:
SF:/home/runner/workspace/contracts/contracts/MockClawCard.sol
FN:7,setRegistered
FN:11,isRegistered
FNF:2
FNH:2
FNDA:94,setRegistered
FNDA:41,isRegistered
DA:8,94
DA:12,41
LF:2
LH:2
BRF:0
BRH:0
end_of_record
TN:
SF:/home/runner/workspace/contracts/contracts/MockERC20.sol
FN:9,constructor
FN:13,decimals
FN:17,mint
FNF:3
FNH:2
FNDA:171,constructor
FNDA:0,decimals
FNDA:188,mint
DA:10,171
DA:14,0
DA:18,188
LF:3
LH:2
BRF:0
BRH:0
end_of_record
TN:
SF:/home/runner/workspace/contracts/contracts/MockRepAdapter.sol
FN:15,getFusedScore
FNF:1
FNH:0
FNDA:0,getFusedScore
DA:16,0
LF:1
LH:0
BRF:0
BRH:0
end_of_record
TN:
SF:/home/runner/workspace/contracts/contracts/MockRepRegistry.sol
FN:10,submitFeedback
FN:29,getScore
FN:33,getFeedbackCount
FN:37,getFeedback
FNF:4
FNH:1
FNDA:5,submitFeedback
FNDA:0,getScore
FNDA:0,getFeedbackCount
FNDA:0,getFeedback
DA:16,5
DA:24,5
DA:25,5
DA:26,5
DA:30,0
DA:34,0
DA:38,0
LF:7
LH:4
BRF:0
BRH:0
end_of_record
