{"contracts/ClawCardNFT.sol":{"l":{"103":48,"104":47,"105":47,"106":47,"107":47,"108":47,"115":1,"119":1,"123":1,"129":32,"130":32,"131":0,"133":32,"137":1,"148":33,"155":2,"167":0,"176":0,"185":35,"186":35,"187":34,"188":33,"189":32,"190":32,"192":32,"193":32,"195":32,"215":32,"216":32,"217":32,"218":32,"220":32,"221":32,"222":32,"253":7,"254":7,"255":6,"256":6,"257":6,"258":6,"259":5,"261":4,"266":4,"268":4,"269":4,"271":4,"273":3,"275":3,"276":3,"278":3,"279":3,"280":3,"281":3,"282":3,"283":3,"285":3,"286":3,"297":6,"298":6,"303":5,"304":4,"306":3,"307":3,"308":0,"309":0,"312":3,"313":3,"314":3,"316":3,"317":3,"321":5,"322":5,"323":5,"335":0,"336":0,"337":0,"349":0,"350":0,"351":0,"352":0,"361":0,"362":0,"363":0,"364":0,"368":0,"372":0,"378":2,"379":2,"380":1,"384":4,"385":4,"389":0,"390":0,"391":0,"402":3,"403":3,"404":2,"405":2,"406":2,"407":2,"416":3,"417":3,"421":3,"425":2,"433":1,"442":1,"443":1,"444":1,"445":1,"449":3,"453":96,"454":95,"458":2,"465":0,"472":0,"480":0,"481":0,"491":1,"492":1,"493":1,"494":1,"508":0,"509":0,"510":0,"514":1,"515":1,"516":1,"520":1,"526":2},"path":"/home/runner/workspace/contracts/contracts/ClawCardNFT.sol","s":{"1":48,"2":47,"3":47,"4":47,"5":47,"6":32,"7":32,"8":32,"9":33,"10":2,"11":0,"12":0,"13":35,"14":35,"15":34,"16":33,"17":32,"18":32,"19":32,"20":32,"21":32,"22":32,"23":32,"24":7,"25":7,"26":6,"27":6,"28":6,"29":6,"30":5,"31":4,"32":4,"33":4,"34":4,"35":4,"36":3,"37":3,"38":3,"39":3,"40":3,"41":6,"42":6,"43":5,"44":4,"45":3,"46":3,"47":3,"48":3,"49":5,"50":5,"51":5,"52":0,"53":0,"54":0,"55":0,"56":0,"57":0,"58":0,"59":0,"60":0,"61":0,"62":2,"63":1,"64":4,"65":4,"66":0,"67":0,"68":0,"69":3,"70":3,"71":1,"72":2,"73":3,"74":3,"75":3,"76":2,"77":3,"78":96,"79":95,"80":2,"81":0,"82":0,"83":0,"84":1,"85":1,"86":1,"87":0,"88":1,"89":1,"90":1,"91":0,"92":0,"93":1,"94":1,"95":1,"96":2},"b":{"1":[1,47],"2":[0,32],"3":[34,1],"4":[33,1],"5":[33,0],"6":[2,1],"7":[2,0],"8":[2,0],"9":[0,0],"10":[0,0],"11":[0,0],"12":[0,0],"13":[0,0],"14":[0,0],"15":[0,35],"16":[1,34],"17":[1,33],"18":[1,32],"19":[0,32],"20":[0,32],"21":[7,0],"22":[0,7],"23":[1,6],"24":[0,6],"25":[0,6],"26":[0,6],"27":[1,5],"28":[1,4],"29":[0,4],"30":[1,3],"31":[3,0],"32":[0,6],"33":[1,5],"34":[1,3],"35":[0,3],"36":[0,5],"37":[0,0],"38":[1,4],"39":[1,0],"40":[0,0],"41":[0,0],"42":[0,0],"43":[0,0],"44":[0,0],"45":[0,0],"46":[0,0],"47":[1,1],"48":[0,4],"49":[0,0],"50":[1,2],"51":[0,3],"52":[96,1],"53":[1,95],"54":[2,0],"55":[0,0],"56":[0,0],"57":[0,0],"58":[0,0],"59":[0,0],"60":[0,0],"61":[0,1],"62":[1,0],"63":[1,0],"64":[0,0],"65":[0,0],"66":[1,0],"67":[0,1],"68":[0,1]},"f":{"1":48,"2":1,"3":1,"4":1,"5":32,"6":1,"7":33,"8":2,"9":0,"10":0,"11":35,"12":7,"13":6,"14":5,"15":0,"16":0,"17":0,"18":0,"19":0,"20":2,"21":4,"22":0,"23":3,"24":3,"25":3,"26":2,"27":1,"28":1,"29":3,"30":96,"31":2,"32":0,"33":0,"34":0,"35":1,"36":1,"37":1,"38":1,"39":0,"40":1,"41":1,"42":2},"fnMap":{"1":{"name":"constructor","line":102,"loc":{"start":{"line":102,"column":4},"end":{"line":109,"column":4}}},"2":{"name":"transferFrom","line":114,"loc":{"start":{"line":114,"column":4},"end":{"line":116,"column":4}}},"3":{"name":"safeTransferFrom","line":118,"loc":{"start":{"line":118,"column":4},"end":{"line":120,"column":4}}},"4":{"name":"approve","line":122,"loc":{"start":{"line":122,"column":4},"end":{"line":124,"column":4}}},"5":{"name":"_update","line":128,"loc":{"start":{"line":128,"column":4},"end":{"line":134,"column":4}}},"6":{"name":"setApprovalForAll","line":136,"loc":{"start":{"line":136,"column":4},"end":{"line":138,"column":4}}},"7":{"name":"mint","line":147,"loc":{"start":{"line":147,"column":4},"end":{"line":149,"column":4}}},"8":{"name":"adminMint","line":154,"loc":{"start":{"line":154,"column":4},"end":{"line":156,"column":4}}},"9":{"name":"adminMintFull","line":166,"loc":{"start":{"line":161,"column":4},"end":{"line":168,"column":4}}},"10":{"name":"registerIdentity","line":175,"loc":{"start":{"line":171,"column":4},"end":{"line":177,"column":4}}},"11":{"name":"_mintPassport","line":179,"loc":{"start":{"line":179,"column":4},"end":{"line":223,"column":4}}},"12":{"name":"updateReputation","line":252,"loc":{"start":{"line":243,"column":4},"end":{"line":287,"column":4}}},"13":{"name":"setMoltDomain","line":296,"loc":{"start":{"line":296,"column":4},"end":{"line":318,"column":4}}},"14":{"name":"_validateMoltDomain","line":320,"loc":{"start":{"line":320,"column":4},"end":{"line":330,"column":4}}},"15":{"name":"getIdentity","line":334,"loc":{"start":{"line":334,"column":4},"end":{"line":343,"column":4}}},"16":{"name":"getIdentityByHandle","line":345,"loc":{"start":{"line":345,"column":4},"end":{"line":358,"column":4}}},"17":{"name":"updateMetadata","line":360,"loc":{"start":{"line":360,"column":4},"end":{"line":365,"column":4}}},"18":{"name":"ownerOfIdentity","line":367,"loc":{"start":{"line":367,"column":4},"end":{"line":369,"column":4}}},"19":{"name":"isRegistered","line":371,"loc":{"start":{"line":371,"column":4},"end":{"line":373,"column":4}}},"20":{"name":"getPassportByWallet","line":377,"loc":{"start":{"line":377,"column":4},"end":{"line":381,"column":4}}},"21":{"name":"getPassportById","line":383,"loc":{"start":{"line":383,"column":4},"end":{"line":386,"column":4}}},"22":{"name":"getPassportByMoltDomain","line":388,"loc":{"start":{"line":388,"column":4},"end":{"line":392,"column":4}}},"23":{"name":"isTrusted","line":397,"loc":{"start":{"line":397,"column":4},"end":{"line":408,"column":4}}},"24":{"name":"soulbound","line":415,"loc":{"start":{"line":415,"column":4},"end":{"line":418,"column":4}}},"25":{"name":"hasMinted","line":420,"loc":{"start":{"line":420,"column":4},"end":{"line":422,"column":4}}},"26":{"name":"isAgentIdAvailable","line":424,"loc":{"start":{"line":424,"column":4},"end":{"line":426,"column":4}}},"27":{"name":"updateAgentId","line":432,"loc":{"start":{"line":432,"column":4},"end":{"line":434,"column":4}}},"28":{"name":"getCardInfo","line":436,"loc":{"start":{"line":436,"column":4},"end":{"line":446,"column":4}}},"29":{"name":"authorizedMinters","line":448,"loc":{"start":{"line":448,"column":4},"end":{"line":450,"column":4}}},"30":{"name":"authorizeMinter","line":452,"loc":{"start":{"line":452,"column":4},"end":{"line":455,"column":4}}},"31":{"name":"revokeMinter","line":457,"loc":{"start":{"line":457,"column":4},"end":{"line":459,"column":4}}},"32":{"name":"mintTo","line":464,"loc":{"start":{"line":464,"column":4},"end":{"line":466,"column":4}}},"33":{"name":"getChainId","line":471,"loc":{"start":{"line":471,"column":4},"end":{"line":473,"column":4}}},"34":{"name":"setSigFreshnessWindow","line":479,"loc":{"start":{"line":479,"column":4},"end":{"line":482,"column":4}}},"35":{"name":"lockAsSoulbound","line":484,"loc":{"start":{"line":484,"column":4},"end":{"line":486,"column":4}}},"36":{"name":"tokenURI","line":490,"loc":{"start":{"line":490,"column":4},"end":{"line":500,"column":4}}},"37":{"name":"pause","line":504,"loc":{"start":{"line":504,"column":4},"end":{"line":504,"column":66}}},"38":{"name":"unpause","line":505,"loc":{"start":{"line":505,"column":4},"end":{"line":505,"column":68}}},"39":{"name":"setBaseURI","line":507,"loc":{"start":{"line":507,"column":4},"end":{"line":511,"column":4}}},"40":{"name":"deactivatePassport","line":513,"loc":{"start":{"line":513,"column":4},"end":{"line":517,"column":4}}},"41":{"name":"totalSupply","line":519,"loc":{"start":{"line":519,"column":4},"end":{"line":521,"column":4}}},"42":{"name":"supportsInterface","line":525,"loc":{"start":{"line":525,"column":4},"end":{"line":529,"column":4}}}},"statementMap":{"1":{"start":{"line":103,"column":8},"end":{"line":103,"column":69}},"2":{"start":{"line":105,"column":8},"end":{"line":105,"column":49}},"3":{"start":{"line":106,"column":8},"end":{"line":106,"column":49}},"4":{"start":{"line":107,"column":8},"end":{"line":107,"column":49}},"5":{"start":{"line":108,"column":8},"end":{"line":108,"column":49}},"6":{"start":{"line":129,"column":8},"end":{"line":129,"column":40}},"7":{"start":{"line":130,"column":8},"end":{"line":130,"column":5899}},"8":{"start":{"line":133,"column":8},"end":{"line":133,"column":47}},"9":{"start":{"line":148,"column":8},"end":{"line":148,"column":62}},"10":{"start":{"line":155,"column":8},"end":{"line":155,"column":54}},"11":{"start":{"line":167,"column":8},"end":{"line":167,"column":54}},"12":{"start":{"line":176,"column":8},"end":{"line":176,"column":69}},"13":{"start":{"line":185,"column":8},"end":{"line":185,"column":53}},"14":{"start":{"line":186,"column":8},"end":{"line":186,"column":60}},"15":{"start":{"line":187,"column":8},"end":{"line":187,"column":63}},"16":{"start":{"line":188,"column":8},"end":{"line":188,"column":54}},"17":{"start":{"line":189,"column":8},"end":{"line":189,"column":64}},"18":{"start":{"line":190,"column":8},"end":{"line":190,"column":61}},"19":{"start":{"line":192,"column":8},"end":{"line":192,"column":40}},"20":{"start":{"line":193,"column":8},"end":{"line":193,"column":25}},"21":{"start":{"line":220,"column":8},"end":{"line":220,"column":57}},"22":{"start":{"line":221,"column":8},"end":{"line":221,"column":53}},"23":{"start":{"line":222,"column":8},"end":{"line":222,"column":22}},"24":{"start":{"line":253,"column":8},"end":{"line":253,"column":77}},"25":{"start":{"line":254,"column":8},"end":{"line":254,"column":63}},"26":{"start":{"line":255,"column":8},"end":{"line":255,"column":42}},"27":{"start":{"line":256,"column":8},"end":{"line":256,"column":54}},"28":{"start":{"line":257,"column":8},"end":{"line":257,"column":69}},"29":{"start":{"line":258,"column":8},"end":{"line":258,"column":90}},"30":{"start":{"line":259,"column":8},"end":{"line":259,"column":106}},"31":{"start":{"line":261,"column":8},"end":{"line":261,"column":10815}},"32":{"start":{"line":266,"column":8},"end":{"line":266,"column":66}},"33":{"start":{"line":268,"column":8},"end":{"line":268,"column":74}},"34":{"start":{"line":269,"column":8},"end":{"line":269,"column":65}},"35":{"start":{"line":271,"column":8},"end":{"line":271,"column":74}},"36":{"start":{"line":275,"column":8},"end":{"line":275,"column":51}},"37":{"start":{"line":276,"column":8},"end":{"line":276,"column":30}},"38":{"start":{"line":285,"column":8},"end":{"line":285,"column":74}},"39":{"start":{"line":286,"column":8},"end":{"line":286,"column":69}},"40":{"start":{"line":286,"column":29},"end":{"line":286,"column":69}},"41":{"start":{"line":297,"column":8},"end":{"line":297,"column":77}},"42":{"start":{"line":298,"column":8},"end":{"line":298,"column":12287}},"43":{"start":{"line":303,"column":8},"end":{"line":303,"column":38}},"44":{"start":{"line":304,"column":8},"end":{"line":304,"column":64}},"45":{"start":{"line":306,"column":8},"end":{"line":306,"column":63}},"46":{"start":{"line":307,"column":8},"end":{"line":307,"column":12584}},"47":{"start":{"line":316,"column":8},"end":{"line":316,"column":47}},"48":{"start":{"line":317,"column":8},"end":{"line":317,"column":63}},"49":{"start":{"line":321,"column":8},"end":{"line":321,"column":33}},"50":{"start":{"line":322,"column":8},"end":{"line":322,"column":69}},"51":{"start":{"line":323,"column":8},"end":{"line":323,"column":13206}},"52":{"start":{"line":335,"column":8},"end":{"line":335,"column":77}},"53":{"start":{"line":336,"column":8},"end":{"line":336,"column":51}},"54":{"start":{"line":337,"column":8},"end":{"line":337,"column":13718}},"55":{"start":{"line":349,"column":8},"end":{"line":349,"column":56}},"56":{"start":{"line":351,"column":8},"end":{"line":351,"column":51}},"57":{"start":{"line":361,"column":8},"end":{"line":361,"column":74}},"58":{"start":{"line":362,"column":8},"end":{"line":362,"column":62}},"59":{"start":{"line":364,"column":8},"end":{"line":364,"column":60}},"60":{"start":{"line":368,"column":8},"end":{"line":368,"column":31}},"61":{"start":{"line":372,"column":8},"end":{"line":372,"column":42}},"62":{"start":{"line":379,"column":8},"end":{"line":379,"column":51}},"63":{"start":{"line":380,"column":8},"end":{"line":380,"column":44}},"64":{"start":{"line":384,"column":8},"end":{"line":384,"column":77}},"65":{"start":{"line":385,"column":8},"end":{"line":385,"column":33}},"66":{"start":{"line":389,"column":8},"end":{"line":389,"column":57}},"67":{"start":{"line":390,"column":8},"end":{"line":390,"column":51}},"68":{"start":{"line":391,"column":8},"end":{"line":391,"column":33}},"69":{"start":{"line":402,"column":8},"end":{"line":402,"column":49}},"70":{"start":{"line":403,"column":8},"end":{"line":403,"column":46}},"71":{"start":{"line":403,"column":26},"end":{"line":403,"column":46}},"72":{"start":{"line":404,"column":8},"end":{"line":404,"column":51}},"73":{"start":{"line":416,"column":8},"end":{"line":416,"column":77}},"74":{"start":{"line":417,"column":8},"end":{"line":417,"column":19}},"75":{"start":{"line":421,"column":8},"end":{"line":421,"column":43}},"76":{"start":{"line":425,"column":8},"end":{"line":425,"column":35}},"77":{"start":{"line":449,"column":8},"end":{"line":449,"column":44}},"78":{"start":{"line":453,"column":8},"end":{"line":453,"column":58}},"79":{"start":{"line":454,"column":8},"end":{"line":454,"column":39}},"80":{"start":{"line":458,"column":8},"end":{"line":458,"column":40}},"81":{"start":{"line":465,"column":8},"end":{"line":465,"column":54}},"82":{"start":{"line":472,"column":8},"end":{"line":472,"column":28}},"83":{"start":{"line":480,"column":8},"end":{"line":480,"column":73}},"84":{"start":{"line":491,"column":8},"end":{"line":491,"column":29}},"85":{"start":{"line":492,"column":8},"end":{"line":492,"column":61}},"86":{"start":{"line":493,"column":8},"end":{"line":493,"column":51}},"87":{"start":{"line":493,"column":38},"end":{"line":493,"column":51}},"88":{"start":{"line":494,"column":8},"end":{"line":494,"column":19244}},"89":{"start":{"line":504,"column":56},"end":{"line":504,"column":63}},"90":{"start":{"line":505,"column":56},"end":{"line":505,"column":65}},"91":{"start":{"line":508,"column":8},"end":{"line":508,"column":62}},"92":{"start":{"line":510,"column":8},"end":{"line":510,"column":35}},"93":{"start":{"line":514,"column":8},"end":{"line":514,"column":77}},"94":{"start":{"line":516,"column":8},"end":{"line":516,"column":49}},"95":{"start":{"line":520,"column":8},"end":{"line":520,"column":31}},"96":{"start":{"line":526,"column":8},"end":{"line":526,"column":20471}}},"branchMap":{"1":{"line":103,"type":"if","locations":[{"start":{"line":103,"column":8},"end":{"line":103,"column":8}},{"start":{"line":103,"column":8},"end":{"line":103,"column":8}}]},"2":{"line":130,"type":"if","locations":[{"start":{"line":130,"column":8},"end":{"line":130,"column":8}},{"start":{"line":130,"column":8},"end":{"line":130,"column":8}}]},"3":{"line":147,"type":"if","locations":[{"start":{"line":147,"column":76},"end":{"line":147,"column":76}},{"start":{"line":147,"column":76},"end":{"line":147,"column":76}}]},"4":{"line":147,"type":"if","locations":[{"start":{"line":147,"column":98},"end":{"line":147,"column":98}},{"start":{"line":147,"column":98},"end":{"line":147,"column":98}}]},"5":{"line":147,"type":"if","locations":[{"start":{"line":147,"column":112},"end":{"line":147,"column":112}},{"start":{"line":147,"column":112},"end":{"line":147,"column":112}}]},"6":{"line":154,"type":"if","locations":[{"start":{"line":154,"column":93},"end":{"line":154,"column":93}},{"start":{"line":154,"column":93},"end":{"line":154,"column":93}}]},"7":{"line":154,"type":"if","locations":[{"start":{"line":154,"column":122},"end":{"line":154,"column":122}},{"start":{"line":154,"column":122},"end":{"line":154,"column":122}}]},"8":{"line":154,"type":"if","locations":[{"start":{"line":154,"column":136},"end":{"line":154,"column":136}},{"start":{"line":154,"column":136},"end":{"line":154,"column":136}}]},"9":{"line":166,"type":"if","locations":[{"start":{"line":166,"column":15},"end":{"line":166,"column":15}},{"start":{"line":166,"column":15},"end":{"line":166,"column":15}}]},"10":{"line":166,"type":"if","locations":[{"start":{"line":166,"column":44},"end":{"line":166,"column":44}},{"start":{"line":166,"column":44},"end":{"line":166,"column":44}}]},"11":{"line":166,"type":"if","locations":[{"start":{"line":166,"column":58},"end":{"line":166,"column":58}},{"start":{"line":166,"column":58},"end":{"line":166,"column":58}}]},"12":{"line":175,"type":"if","locations":[{"start":{"line":175,"column":24},"end":{"line":175,"column":24}},{"start":{"line":175,"column":24},"end":{"line":175,"column":24}}]},"13":{"line":175,"type":"if","locations":[{"start":{"line":175,"column":46},"end":{"line":175,"column":46}},{"start":{"line":175,"column":46},"end":{"line":175,"column":46}}]},"14":{"line":175,"type":"if","locations":[{"start":{"line":175,"column":60},"end":{"line":175,"column":60}},{"start":{"line":175,"column":60},"end":{"line":175,"column":60}}]},"15":{"line":185,"type":"if","locations":[{"start":{"line":185,"column":8},"end":{"line":185,"column":8}},{"start":{"line":185,"column":8},"end":{"line":185,"column":8}}]},"16":{"line":186,"type":"if","locations":[{"start":{"line":186,"column":8},"end":{"line":186,"column":8}},{"start":{"line":186,"column":8},"end":{"line":186,"column":8}}]},"17":{"line":187,"type":"if","locations":[{"start":{"line":187,"column":8},"end":{"line":187,"column":8}},{"start":{"line":187,"column":8},"end":{"line":187,"column":8}}]},"18":{"line":188,"type":"if","locations":[{"start":{"line":188,"column":8},"end":{"line":188,"column":8}},{"start":{"line":188,"column":8},"end":{"line":188,"column":8}}]},"19":{"line":189,"type":"if","locations":[{"start":{"line":189,"column":8},"end":{"line":189,"column":8}},{"start":{"line":189,"column":8},"end":{"line":189,"column":8}}]},"20":{"line":190,"type":"if","locations":[{"start":{"line":190,"column":8},"end":{"line":190,"column":8}},{"start":{"line":190,"column":8},"end":{"line":190,"column":8}}]},"21":{"line":252,"type":"if","locations":[{"start":{"line":252,"column":15},"end":{"line":252,"column":15}},{"start":{"line":252,"column":15},"end":{"line":252,"column":15}}]},"22":{"line":253,"type":"if","locations":[{"start":{"line":253,"column":8},"end":{"line":253,"column":8}},{"start":{"line":253,"column":8},"end":{"line":253,"column":8}}]},"23":{"line":254,"type":"if","locations":[{"start":{"line":254,"column":8},"end":{"line":254,"column":8}},{"start":{"line":254,"column":8},"end":{"line":254,"column":8}}]},"24":{"line":255,"type":"if","locations":[{"start":{"line":255,"column":8},"end":{"line":255,"column":8}},{"start":{"line":255,"column":8},"end":{"line":255,"column":8}}]},"25":{"line":256,"type":"if","locations":[{"start":{"line":256,"column":8},"end":{"line":256,"column":8}},{"start":{"line":256,"column":8},"end":{"line":256,"column":8}}]},"26":{"line":257,"type":"if","locations":[{"start":{"line":257,"column":8},"end":{"line":257,"column":8}},{"start":{"line":257,"column":8},"end":{"line":257,"column":8}}]},"27":{"line":258,"type":"if","locations":[{"start":{"line":258,"column":8},"end":{"line":258,"column":8}},{"start":{"line":258,"column":8},"end":{"line":258,"column":8}}]},"28":{"line":259,"type":"if","locations":[{"start":{"line":259,"column":8},"end":{"line":259,"column":8}},{"start":{"line":259,"column":8},"end":{"line":259,"column":8}}]},"29":{"line":266,"type":"if","locations":[{"start":{"line":266,"column":8},"end":{"line":266,"column":8}},{"start":{"line":266,"column":8},"end":{"line":266,"column":8}}]},"30":{"line":271,"type":"if","locations":[{"start":{"line":271,"column":8},"end":{"line":271,"column":8}},{"start":{"line":271,"column":8},"end":{"line":271,"column":8}}]},"31":{"line":286,"type":"if","locations":[{"start":{"line":286,"column":8},"end":{"line":286,"column":8}},{"start":{"line":286,"column":8},"end":{"line":286,"column":8}}]},"32":{"line":297,"type":"if","locations":[{"start":{"line":297,"column":8},"end":{"line":297,"column":8}},{"start":{"line":297,"column":8},"end":{"line":297,"column":8}}]},"33":{"line":298,"type":"if","locations":[{"start":{"line":298,"column":8},"end":{"line":298,"column":8}},{"start":{"line":298,"column":8},"end":{"line":298,"column":8}}]},"34":{"line":304,"type":"if","locations":[{"start":{"line":304,"column":8},"end":{"line":304,"column":8}},{"start":{"line":304,"column":8},"end":{"line":304,"column":8}}]},"35":{"line":307,"type":"if","locations":[{"start":{"line":307,"column":8},"end":{"line":307,"column":8}},{"start":{"line":307,"column":8},"end":{"line":307,"column":8}}]},"36":{"line":322,"type":"if","locations":[{"start":{"line":322,"column":8},"end":{"line":322,"column":8}},{"start":{"line":322,"column":8},"end":{"line":322,"column":8}}]},"37":{"line":322,"type":"cond-expr","locations":[{"start":{"line":322,"column":12},"end":{"line":322,"column":23}},{"start":{"line":322,"column":28},"end":{"line":322,"column":40}}]},"38":{"line":323,"type":"if","locations":[{"start":{"line":323,"column":8},"end":{"line":323,"column":8}},{"start":{"line":323,"column":8},"end":{"line":323,"column":8}}]},"39":{"line":324,"type":"cond-expr","locations":[{"start":{"line":324,"column":12},"end":{"line":324,"column":31}},{"start":{"line":325,"column":12},"end":{"line":325,"column":31}}]},"40":{"line":324,"type":"cond-expr","locations":[{"start":{"line":324,"column":12},"end":{"line":325,"column":31}},{"start":{"line":326,"column":12},"end":{"line":326,"column":31}}]},"41":{"line":324,"type":"cond-expr","locations":[{"start":{"line":324,"column":12},"end":{"line":326,"column":31}},{"start":{"line":327,"column":12},"end":{"line":327,"column":31}}]},"42":{"line":324,"type":"cond-expr","locations":[{"start":{"line":324,"column":12},"end":{"line":327,"column":31}},{"start":{"line":328,"column":12},"end":{"line":328,"column":31}}]},"43":{"line":335,"type":"if","locations":[{"start":{"line":335,"column":8},"end":{"line":335,"column":8}},{"start":{"line":335,"column":8},"end":{"line":335,"column":8}}]},"44":{"line":349,"type":"if","locations":[{"start":{"line":349,"column":8},"end":{"line":349,"column":8}},{"start":{"line":349,"column":8},"end":{"line":349,"column":8}}]},"45":{"line":361,"type":"if","locations":[{"start":{"line":361,"column":8},"end":{"line":361,"column":8}},{"start":{"line":361,"column":8},"end":{"line":361,"column":8}}]},"46":{"line":362,"type":"if","locations":[{"start":{"line":362,"column":8},"end":{"line":362,"column":8}},{"start":{"line":362,"column":8},"end":{"line":362,"column":8}}]},"47":{"line":379,"type":"if","locations":[{"start":{"line":379,"column":8},"end":{"line":379,"column":8}},{"start":{"line":379,"column":8},"end":{"line":379,"column":8}}]},"48":{"line":384,"type":"if","locations":[{"start":{"line":384,"column":8},"end":{"line":384,"column":8}},{"start":{"line":384,"column":8},"end":{"line":384,"column":8}}]},"49":{"line":390,"type":"if","locations":[{"start":{"line":390,"column":8},"end":{"line":390,"column":8}},{"start":{"line":390,"column":8},"end":{"line":390,"column":8}}]},"50":{"line":403,"type":"if","locations":[{"start":{"line":403,"column":8},"end":{"line":403,"column":8}},{"start":{"line":403,"column":8},"end":{"line":403,"column":8}}]},"51":{"line":416,"type":"if","locations":[{"start":{"line":416,"column":8},"end":{"line":416,"column":8}},{"start":{"line":416,"column":8},"end":{"line":416,"column":8}}]},"52":{"line":452,"type":"if","locations":[{"start":{"line":452,"column":55},"end":{"line":452,"column":55}},{"start":{"line":452,"column":55},"end":{"line":452,"column":55}}]},"53":{"line":453,"type":"if","locations":[{"start":{"line":453,"column":8},"end":{"line":453,"column":8}},{"start":{"line":453,"column":8},"end":{"line":453,"column":8}}]},"54":{"line":457,"type":"if","locations":[{"start":{"line":457,"column":52},"end":{"line":457,"column":52}},{"start":{"line":457,"column":52},"end":{"line":457,"column":52}}]},"55":{"line":464,"type":"if","locations":[{"start":{"line":464,"column":66},"end":{"line":464,"column":66}},{"start":{"line":464,"column":66},"end":{"line":464,"column":66}}]},"56":{"line":464,"type":"if","locations":[{"start":{"line":464,"column":88},"end":{"line":464,"column":88}},{"start":{"line":464,"column":88},"end":{"line":464,"column":88}}]},"57":{"line":464,"type":"if","locations":[{"start":{"line":464,"column":102},"end":{"line":464,"column":102}},{"start":{"line":464,"column":102},"end":{"line":464,"column":102}}]},"58":{"line":479,"type":"if","locations":[{"start":{"line":479,"column":60},"end":{"line":479,"column":60}},{"start":{"line":479,"column":60},"end":{"line":479,"column":60}}]},"59":{"line":480,"type":"if","locations":[{"start":{"line":480,"column":8},"end":{"line":480,"column":8}},{"start":{"line":480,"column":8},"end":{"line":480,"column":8}}]},"60":{"line":480,"type":"cond-expr","locations":[{"start":{"line":480,"column":12},"end":{"line":480,"column":29}},{"start":{"line":480,"column":34},"end":{"line":480,"column":49}}]},"61":{"line":493,"type":"if","locations":[{"start":{"line":493,"column":8},"end":{"line":493,"column":8}},{"start":{"line":493,"column":8},"end":{"line":493,"column":8}}]},"62":{"line":504,"type":"if","locations":[{"start":{"line":504,"column":32},"end":{"line":504,"column":32}},{"start":{"line":504,"column":32},"end":{"line":504,"column":32}}]},"63":{"line":505,"type":"if","locations":[{"start":{"line":505,"column":32},"end":{"line":505,"column":32}},{"start":{"line":505,"column":32},"end":{"line":505,"column":32}}]},"64":{"line":507,"type":"if","locations":[{"start":{"line":507,"column":57},"end":{"line":507,"column":57}},{"start":{"line":507,"column":57},"end":{"line":507,"column":57}}]},"65":{"line":508,"type":"if","locations":[{"start":{"line":508,"column":8},"end":{"line":508,"column":8}},{"start":{"line":508,"column":8},"end":{"line":508,"column":8}}]},"66":{"line":513,"type":"if","locations":[{"start":{"line":513,"column":82},"end":{"line":513,"column":82}},{"start":{"line":513,"column":82},"end":{"line":513,"column":82}}]},"67":{"line":514,"type":"if","locations":[{"start":{"line":514,"column":8},"end":{"line":514,"column":8}},{"start":{"line":514,"column":8},"end":{"line":514,"column":8}}]},"68":{"line":527,"type":"cond-expr","locations":[{"start":{"line":527,"column":12},"end":{"line":527,"column":60}},{"start":{"line":528,"column":12},"end":{"line":528,"column":47}}]}}},"contracts/ClawTrustAC.sol":{"l":{"117":45,"119":0,"121":45,"122":45,"123":45,"124":45,"125":45,"126":45,"127":45,"128":45,"147":26,"148":25,"149":24,"151":24,"153":24,"155":24,"157":24,"170":24,"172":24,"185":19,"186":19,"187":19,"188":19,"189":18,"191":18,"192":18,"194":18,"204":13,"205":13,"206":13,"207":13,"208":13,"209":13,"210":12,"212":12,"214":11,"215":11,"217":11,"226":9,"227":9,"228":9,"229":9,"230":8,"232":8,"233":8,"234":8,"236":8,"246":3,"248":2,"249":2,"250":2,"252":2,"262":2,"263":2,"264":2,"265":2,"266":1,"268":1,"276":3,"277":3,"279":3,"280":3,"282":3,"283":3,"284":3,"286":3,"288":3,"289":3,"291":3,"301":1,"303":1,"304":1,"305":1,"307":1,"308":1,"310":1,"312":1,"321":4,"322":4,"323":4,"324":4,"326":2,"327":2,"329":2,"330":1,"333":2,"342":2,"343":2,"344":2,"345":1,"346":0,"348":1,"349":1,"351":1,"352":1,"355":1,"364":2,"365":2,"366":1,"377":8,"378":8,"385":3,"392":2,"404":5,"405":5,"406":5,"407":5,"415":3,"416":2,"417":2,"421":2,"422":1,"423":1,"430":3,"431":2,"432":1,"436":2,"437":1,"438":1},"path":"/home/runner/workspace/contracts/contracts/ClawTrustAC.sol","s":{"1":45,"2":45,"3":26,"4":25,"5":24,"6":24,"7":24,"8":19,"9":19,"10":19,"11":19,"12":18,"13":18,"14":18,"15":13,"16":13,"17":13,"18":13,"19":13,"20":13,"21":12,"22":12,"23":11,"24":9,"25":9,"26":9,"27":9,"28":8,"29":8,"30":3,"31":2,"32":2,"33":2,"34":2,"35":2,"36":2,"37":2,"38":2,"39":1,"40":3,"41":3,"42":3,"43":3,"44":3,"45":3,"46":3,"47":1,"48":1,"49":1,"50":1,"51":1,"52":1,"53":4,"54":4,"55":4,"56":4,"57":2,"58":2,"59":1,"60":2,"61":2,"62":2,"63":2,"64":1,"65":1,"66":1,"67":1,"68":1,"69":2,"70":2,"71":1,"72":8,"73":8,"74":3,"75":2,"76":3,"77":2,"78":2,"79":1,"80":3,"81":2,"82":3,"83":2,"84":1,"85":2,"86":1,"87":1},"b":{"1":[0,45],"2":[0,0],"3":[0,0],"4":[0,0],"5":[0,0],"6":[0,0],"7":[0,45],"8":[45,0],"9":[26,2],"10":[1,25],"11":[1,24],"12":[1,0],"13":[0,24],"14":[19,0],"15":[19,0],"16":[0,19],"17":[0,19],"18":[1,18],"19":[0,18],"20":[13,0],"21":[0,13],"22":[0,13],"23":[0,13],"24":[0,13],"25":[1,12],"26":[0,12],"27":[1,11],"28":[9,0],"29":[0,9],"30":[0,9],"31":[1,8],"32":[0,8],"33":[3,0],"34":[3,0],"35":[1,2],"36":[0,2],"37":[0,2],"38":[2,0],"39":[2,0],"40":[0,2],"41":[0,2],"42":[1,1],"43":[3,0],"44":[1,0],"45":[1,0],"46":[0,1],"47":[0,1],"48":[0,1],"49":[4,0],"50":[4,0],"51":[0,4],"52":[0,4],"53":[2,2],"54":[1,1],"55":[2,0],"56":[0,2],"57":[1,1],"58":[0,1],"59":[1,0],"60":[1,1],"61":[0,8],"62":[3,2],"63":[3,2],"64":[1,2],"65":[2,0],"66":[1,1],"67":[3,0],"68":[2,0],"69":[3,0],"70":[3,0],"71":[1,2],"72":[1,1],"73":[2,1],"74":[2,0],"75":[1,1]},"f":{"1":45,"2":26,"3":19,"4":13,"5":9,"6":3,"7":2,"8":3,"9":1,"10":4,"11":2,"12":2,"13":8,"14":3,"15":2,"16":5,"17":3,"18":2,"19":3,"20":2,"21":3,"22":2},"fnMap":{"1":{"name":"constructor","line":116,"loc":{"start":{"line":109,"column":4},"end":{"line":129,"column":4}}},"2":{"name":"createJob","line":146,"loc":{"start":{"line":142,"column":4},"end":{"line":173,"column":4}}},"3":{"name":"fund","line":184,"loc":{"start":{"line":184,"column":4},"end":{"line":195,"column":4}}},"4":{"name":"assignProvider","line":203,"loc":{"start":{"line":203,"column":4},"end":{"line":218,"column":4}}},"5":{"name":"submit","line":225,"loc":{"start":{"line":225,"column":4},"end":{"line":237,"column":4}}},"6":{"name":"complete","line":245,"loc":{"start":{"line":245,"column":4},"end":{"line":253,"column":4}}},"7":{"name":"completeAfterTimeout","line":261,"loc":{"start":{"line":260,"column":4},"end":{"line":269,"column":4}}},"8":{"name":"_executeCompletion","line":275,"loc":{"start":{"line":275,"column":4},"end":{"line":292,"column":4}}},"9":{"name":"reject","line":300,"loc":{"start":{"line":300,"column":4},"end":{"line":313,"column":4}}},"10":{"name":"cancel","line":320,"loc":{"start":{"line":320,"column":4},"end":{"line":334,"column":4}}},"11":{"name":"expireJob","line":341,"loc":{"start":{"line":341,"column":4},"end":{"line":356,"column":4}}},"12":{"name":"getJobStatus","line":363,"loc":{"start":{"line":363,"column":4},"end":{"line":367,"column":4}}},"13":{"name":"getJob","line":376,"loc":{"start":{"line":376,"column":4},"end":{"line":379,"column":4}}},"14":{"name":"jobCount","line":384,"loc":{"start":{"line":384,"column":4},"end":{"line":386,"column":4}}},"15":{"name":"isRegisteredAgent","line":391,"loc":{"start":{"line":391,"column":4},"end":{"line":393,"column":4}}},"16":{"name":"getStats","line":398,"loc":{"start":{"line":398,"column":4},"end":{"line":408,"column":4}}},"17":{"name":"setEvaluator","line":414,"loc":{"start":{"line":414,"column":4},"end":{"line":418,"column":4}}},"18":{"name":"setTreasury","line":420,"loc":{"start":{"line":420,"column":4},"end":{"line":424,"column":4}}},"19":{"name":"pause","line":426,"loc":{"start":{"line":426,"column":4},"end":{"line":426,"column":52}}},"20":{"name":"unpause","line":427,"loc":{"start":{"line":427,"column":4},"end":{"line":427,"column":56}}},"21":{"name":"emergencyWithdraw","line":429,"loc":{"start":{"line":429,"column":4},"end":{"line":433,"column":4}}},"22":{"name":"recoverStuckUSDC","line":435,"loc":{"start":{"line":435,"column":4},"end":{"line":439,"column":4}}}},"statementMap":{"1":{"start":{"line":117,"column":8},"end":{"line":117,"column":4231}},"2":{"start":{"line":127,"column":8},"end":{"line":127,"column":67}},"3":{"start":{"line":147,"column":8},"end":{"line":147,"column":55}},"4":{"start":{"line":148,"column":8},"end":{"line":148,"column":102}},"5":{"start":{"line":149,"column":8},"end":{"line":149,"column":68}},"6":{"start":{"line":155,"column":8},"end":{"line":155,"column":58}},"7":{"start":{"line":172,"column":8},"end":{"line":172,"column":58}},"8":{"start":{"line":185,"column":8},"end":{"line":185,"column":37}},"9":{"start":{"line":186,"column":8},"end":{"line":186,"column":58}},"10":{"start":{"line":187,"column":8},"end":{"line":187,"column":64}},"11":{"start":{"line":188,"column":8},"end":{"line":188,"column":59}},"12":{"start":{"line":189,"column":8},"end":{"line":189,"column":72}},"13":{"start":{"line":191,"column":8},"end":{"line":191,"column":67}},"14":{"start":{"line":194,"column":8},"end":{"line":194,"column":53}},"15":{"start":{"line":204,"column":8},"end":{"line":204,"column":59}},"16":{"start":{"line":205,"column":8},"end":{"line":205,"column":37}},"17":{"start":{"line":206,"column":8},"end":{"line":206,"column":58}},"18":{"start":{"line":207,"column":8},"end":{"line":207,"column":66}},"19":{"start":{"line":208,"column":8},"end":{"line":208,"column":59}},"20":{"start":{"line":209,"column":8},"end":{"line":209,"column":66}},"21":{"start":{"line":210,"column":8},"end":{"line":210,"column":72}},"22":{"start":{"line":212,"column":8},"end":{"line":212,"column":76}},"23":{"start":{"line":217,"column":8},"end":{"line":217,"column":49}},"24":{"start":{"line":226,"column":8},"end":{"line":226,"column":37}},"25":{"start":{"line":227,"column":8},"end":{"line":227,"column":58}},"26":{"start":{"line":228,"column":8},"end":{"line":228,"column":68}},"27":{"start":{"line":229,"column":8},"end":{"line":229,"column":61}},"28":{"start":{"line":230,"column":8},"end":{"line":230,"column":72}},"29":{"start":{"line":236,"column":8},"end":{"line":236,"column":61}},"30":{"start":{"line":246,"column":8},"end":{"line":246,"column":83}},"31":{"start":{"line":248,"column":8},"end":{"line":248,"column":37}},"32":{"start":{"line":249,"column":8},"end":{"line":249,"column":58}},"33":{"start":{"line":250,"column":8},"end":{"line":250,"column":69}},"34":{"start":{"line":252,"column":8},"end":{"line":252,"column":45}},"35":{"start":{"line":262,"column":8},"end":{"line":262,"column":37}},"36":{"start":{"line":263,"column":8},"end":{"line":263,"column":58}},"37":{"start":{"line":264,"column":8},"end":{"line":264,"column":69}},"38":{"start":{"line":265,"column":8},"end":{"line":265,"column":10584}},"39":{"start":{"line":268,"column":8},"end":{"line":268,"column":45}},"40":{"start":{"line":279,"column":8},"end":{"line":279,"column":71}},"41":{"start":{"line":280,"column":8},"end":{"line":280,"column":41}},"42":{"start":{"line":282,"column":8},"end":{"line":282,"column":11378}},"43":{"start":{"line":283,"column":12},"end":{"line":283,"column":43}},"44":{"start":{"line":284,"column":12},"end":{"line":284,"column":42}},"45":{"start":{"line":286,"column":8},"end":{"line":286,"column":46}},"46":{"start":{"line":291,"column":8},"end":{"line":291,"column":54}},"47":{"start":{"line":301,"column":8},"end":{"line":301,"column":83}},"48":{"start":{"line":303,"column":8},"end":{"line":303,"column":37}},"49":{"start":{"line":304,"column":8},"end":{"line":304,"column":58}},"50":{"start":{"line":305,"column":8},"end":{"line":305,"column":69}},"51":{"start":{"line":310,"column":8},"end":{"line":310,"column":48}},"52":{"start":{"line":312,"column":8},"end":{"line":312,"column":51}},"53":{"start":{"line":321,"column":8},"end":{"line":321,"column":37}},"54":{"start":{"line":322,"column":8},"end":{"line":322,"column":58}},"55":{"start":{"line":323,"column":8},"end":{"line":323,"column":84}},"56":{"start":{"line":324,"column":8},"end":{"line":324,"column":98}},"57":{"start":{"line":326,"column":8},"end":{"line":326,"column":57}},"58":{"start":{"line":329,"column":8},"end":{"line":329,"column":13160}},"59":{"start":{"line":330,"column":12},"end":{"line":330,"column":52}},"60":{"start":{"line":333,"column":8},"end":{"line":333,"column":44}},"61":{"start":{"line":342,"column":8},"end":{"line":342,"column":37}},"62":{"start":{"line":343,"column":8},"end":{"line":343,"column":58}},"63":{"start":{"line":344,"column":8},"end":{"line":344,"column":67}},"64":{"start":{"line":345,"column":8},"end":{"line":345,"column":13771}},"65":{"start":{"line":348,"column":8},"end":{"line":348,"column":127}},"66":{"start":{"line":351,"column":8},"end":{"line":351,"column":14101}},"67":{"start":{"line":352,"column":12},"end":{"line":352,"column":52}},"68":{"start":{"line":355,"column":8},"end":{"line":355,"column":30}},"69":{"start":{"line":364,"column":8},"end":{"line":364,"column":37}},"70":{"start":{"line":365,"column":8},"end":{"line":365,"column":58}},"71":{"start":{"line":366,"column":8},"end":{"line":366,"column":25}},"72":{"start":{"line":377,"column":8},"end":{"line":377,"column":66}},"73":{"start":{"line":378,"column":8},"end":{"line":378,"column":26}},"74":{"start":{"line":385,"column":8},"end":{"line":385,"column":26}},"75":{"start":{"line":392,"column":8},"end":{"line":392,"column":44}},"76":{"start":{"line":415,"column":8},"end":{"line":415,"column":61}},"77":{"start":{"line":416,"column":8},"end":{"line":416,"column":52}},"78":{"start":{"line":421,"column":8},"end":{"line":421,"column":60}},"79":{"start":{"line":422,"column":8},"end":{"line":422,"column":49}},"80":{"start":{"line":426,"column":42},"end":{"line":426,"column":49}},"81":{"start":{"line":427,"column":44},"end":{"line":427,"column":53}},"82":{"start":{"line":430,"column":8},"end":{"line":430,"column":53}},"83":{"start":{"line":431,"column":8},"end":{"line":431,"column":57}},"84":{"start":{"line":432,"column":8},"end":{"line":432,"column":45}},"85":{"start":{"line":436,"column":8},"end":{"line":436,"column":53}},"86":{"start":{"line":437,"column":8},"end":{"line":437,"column":55}},"87":{"start":{"line":438,"column":8},"end":{"line":438,"column":37}}},"branchMap":{"1":{"line":117,"type":"if","locations":[{"start":{"line":117,"column":8},"end":{"line":117,"column":8}},{"start":{"line":117,"column":8},"end":{"line":117,"column":8}}]},"2":{"line":117,"type":"cond-expr","locations":[{"start":{"line":117,"column":12},"end":{"line":117,"column":34}},{"start":{"line":117,"column":39},"end":{"line":117,"column":63}}]},"3":{"line":117,"type":"cond-expr","locations":[{"start":{"line":117,"column":12},"end":{"line":117,"column":63}},{"start":{"line":117,"column":68},"end":{"line":117,"column":86}}]},"4":{"line":117,"type":"cond-expr","locations":[{"start":{"line":117,"column":12},"end":{"line":117,"column":86}},{"start":{"line":118,"column":12},"end":{"line":118,"column":30}}]},"5":{"line":117,"type":"cond-expr","locations":[{"start":{"line":117,"column":12},"end":{"line":118,"column":30}},{"start":{"line":118,"column":35},"end":{"line":118,"column":57}}]},"6":{"line":117,"type":"cond-expr","locations":[{"start":{"line":117,"column":12},"end":{"line":118,"column":57}},{"start":{"line":118,"column":62},"end":{"line":118,"column":85}}]},"7":{"line":127,"type":"if","locations":[{"start":{"line":127,"column":62},"end":{"line":127,"column":62}},{"start":{"line":127,"column":66},"end":{"line":127,"column":66}}]},"8":{"line":128,"type":"if","locations":[{"start":{"line":128,"column":53},"end":{"line":128,"column":53}},{"start":{"line":128,"column":57},"end":{"line":128,"column":57}}]},"9":{"line":146,"type":"if","locations":[{"start":{"line":146,"column":24},"end":{"line":146,"column":24}},{"start":{"line":146,"column":24},"end":{"line":146,"column":24}}]},"10":{"line":147,"type":"if","locations":[{"start":{"line":147,"column":8},"end":{"line":147,"column":8}},{"start":{"line":147,"column":8},"end":{"line":147,"column":8}}]},"11":{"line":148,"type":"if","locations":[{"start":{"line":148,"column":8},"end":{"line":148,"column":8}},{"start":{"line":148,"column":8},"end":{"line":148,"column":8}}]},"12":{"line":148,"type":"cond-expr","locations":[{"start":{"line":148,"column":12},"end":{"line":148,"column":41}},{"start":{"line":148,"column":46},"end":{"line":148,"column":75}}]},"13":{"line":149,"type":"if","locations":[{"start":{"line":149,"column":8},"end":{"line":149,"column":8}},{"start":{"line":149,"column":8},"end":{"line":149,"column":8}}]},"14":{"line":184,"type":"if","locations":[{"start":{"line":184,"column":51},"end":{"line":184,"column":51}},{"start":{"line":184,"column":51},"end":{"line":184,"column":51}}]},"15":{"line":184,"type":"if","locations":[{"start":{"line":184,"column":64},"end":{"line":184,"column":64}},{"start":{"line":184,"column":64},"end":{"line":184,"column":64}}]},"16":{"line":186,"type":"if","locations":[{"start":{"line":186,"column":8},"end":{"line":186,"column":8}},{"start":{"line":186,"column":8},"end":{"line":186,"column":8}}]},"17":{"line":187,"type":"if","locations":[{"start":{"line":187,"column":8},"end":{"line":187,"column":8}},{"start":{"line":187,"column":8},"end":{"line":187,"column":8}}]},"18":{"line":188,"type":"if","locations":[{"start":{"line":188,"column":8},"end":{"line":188,"column":8}},{"start":{"line":188,"column":8},"end":{"line":188,"column":8}}]},"19":{"line":189,"type":"if","locations":[{"start":{"line":189,"column":8},"end":{"line":189,"column":8}},{"start":{"line":189,"column":8},"end":{"line":189,"column":8}}]},"20":{"line":203,"type":"if","locations":[{"start":{"line":203,"column":79},"end":{"line":203,"column":79}},{"start":{"line":203,"column":79},"end":{"line":203,"column":79}}]},"21":{"line":204,"type":"if","locations":[{"start":{"line":204,"column":8},"end":{"line":204,"column":8}},{"start":{"line":204,"column":8},"end":{"line":204,"column":8}}]},"22":{"line":206,"type":"if","locations":[{"start":{"line":206,"column":8},"end":{"line":206,"column":8}},{"start":{"line":206,"column":8},"end":{"line":206,"column":8}}]},"23":{"line":207,"type":"if","locations":[{"start":{"line":207,"column":8},"end":{"line":207,"column":8}},{"start":{"line":207,"column":8},"end":{"line":207,"column":8}}]},"24":{"line":208,"type":"if","locations":[{"start":{"line":208,"column":8},"end":{"line":208,"column":8}},{"start":{"line":208,"column":8},"end":{"line":208,"column":8}}]},"25":{"line":209,"type":"if","locations":[{"start":{"line":209,"column":8},"end":{"line":209,"column":8}},{"start":{"line":209,"column":8},"end":{"line":209,"column":8}}]},"26":{"line":210,"type":"if","locations":[{"start":{"line":210,"column":8},"end":{"line":210,"column":8}},{"start":{"line":210,"column":8},"end":{"line":210,"column":8}}]},"27":{"line":212,"type":"if","locations":[{"start":{"line":212,"column":8},"end":{"line":212,"column":8}},{"start":{"line":212,"column":8},"end":{"line":212,"column":8}}]},"28":{"line":225,"type":"if","locations":[{"start":{"line":225,"column":78},"end":{"line":225,"column":78}},{"start":{"line":225,"column":78},"end":{"line":225,"column":78}}]},"29":{"line":227,"type":"if","locations":[{"start":{"line":227,"column":8},"end":{"line":227,"column":8}},{"start":{"line":227,"column":8},"end":{"line":227,"column":8}}]},"30":{"line":228,"type":"if","locations":[{"start":{"line":228,"column":8},"end":{"line":228,"column":8}},{"start":{"line":228,"column":8},"end":{"line":228,"column":8}}]},"31":{"line":229,"type":"if","locations":[{"start":{"line":229,"column":8},"end":{"line":229,"column":8}},{"start":{"line":229,"column":8},"end":{"line":229,"column":8}}]},"32":{"line":230,"type":"if","locations":[{"start":{"line":230,"column":8},"end":{"line":230,"column":8}},{"start":{"line":230,"column":8},"end":{"line":230,"column":8}}]},"33":{"line":245,"type":"if","locations":[{"start":{"line":245,"column":71},"end":{"line":245,"column":71}},{"start":{"line":245,"column":71},"end":{"line":245,"column":71}}]},"34":{"line":245,"type":"if","locations":[{"start":{"line":245,"column":84},"end":{"line":245,"column":84}},{"start":{"line":245,"column":84},"end":{"line":245,"column":84}}]},"35":{"line":246,"type":"if","locations":[{"start":{"line":246,"column":8},"end":{"line":246,"column":8}},{"start":{"line":246,"column":8},"end":{"line":246,"column":8}}]},"36":{"line":249,"type":"if","locations":[{"start":{"line":249,"column":8},"end":{"line":249,"column":8}},{"start":{"line":249,"column":8},"end":{"line":249,"column":8}}]},"37":{"line":250,"type":"if","locations":[{"start":{"line":250,"column":8},"end":{"line":250,"column":8}},{"start":{"line":250,"column":8},"end":{"line":250,"column":8}}]},"38":{"line":261,"type":"if","locations":[{"start":{"line":261,"column":17},"end":{"line":261,"column":17}},{"start":{"line":261,"column":17},"end":{"line":261,"column":17}}]},"39":{"line":261,"type":"if","locations":[{"start":{"line":261,"column":30},"end":{"line":261,"column":30}},{"start":{"line":261,"column":30},"end":{"line":261,"column":30}}]},"40":{"line":263,"type":"if","locations":[{"start":{"line":263,"column":8},"end":{"line":263,"column":8}},{"start":{"line":263,"column":8},"end":{"line":263,"column":8}}]},"41":{"line":264,"type":"if","locations":[{"start":{"line":264,"column":8},"end":{"line":264,"column":8}},{"start":{"line":264,"column":8},"end":{"line":264,"column":8}}]},"42":{"line":265,"type":"if","locations":[{"start":{"line":265,"column":8},"end":{"line":265,"column":8}},{"start":{"line":265,"column":8},"end":{"line":265,"column":8}}]},"43":{"line":282,"type":"if","locations":[{"start":{"line":282,"column":8},"end":{"line":282,"column":8}},{"start":{"line":282,"column":8},"end":{"line":282,"column":8}}]},"44":{"line":300,"type":"if","locations":[{"start":{"line":300,"column":69},"end":{"line":300,"column":69}},{"start":{"line":300,"column":69},"end":{"line":300,"column":69}}]},"45":{"line":300,"type":"if","locations":[{"start":{"line":300,"column":82},"end":{"line":300,"column":82}},{"start":{"line":300,"column":82},"end":{"line":300,"column":82}}]},"46":{"line":301,"type":"if","locations":[{"start":{"line":301,"column":8},"end":{"line":301,"column":8}},{"start":{"line":301,"column":8},"end":{"line":301,"column":8}}]},"47":{"line":304,"type":"if","locations":[{"start":{"line":304,"column":8},"end":{"line":304,"column":8}},{"start":{"line":304,"column":8},"end":{"line":304,"column":8}}]},"48":{"line":305,"type":"if","locations":[{"start":{"line":305,"column":8},"end":{"line":305,"column":8}},{"start":{"line":305,"column":8},"end":{"line":305,"column":8}}]},"49":{"line":320,"type":"if","locations":[{"start":{"line":320,"column":53},"end":{"line":320,"column":53}},{"start":{"line":320,"column":53},"end":{"line":320,"column":53}}]},"50":{"line":320,"type":"if","locations":[{"start":{"line":320,"column":66},"end":{"line":320,"column":66}},{"start":{"line":320,"column":66},"end":{"line":320,"column":66}}]},"51":{"line":322,"type":"if","locations":[{"start":{"line":322,"column":8},"end":{"line":322,"column":8}},{"start":{"line":322,"column":8},"end":{"line":322,"column":8}}]},"52":{"line":323,"type":"if","locations":[{"start":{"line":323,"column":8},"end":{"line":323,"column":8}},{"start":{"line":323,"column":8},"end":{"line":323,"column":8}}]},"53":{"line":324,"type":"if","locations":[{"start":{"line":324,"column":8},"end":{"line":324,"column":8}},{"start":{"line":324,"column":8},"end":{"line":324,"column":8}}]},"54":{"line":329,"type":"if","locations":[{"start":{"line":329,"column":8},"end":{"line":329,"column":8}},{"start":{"line":329,"column":8},"end":{"line":329,"column":8}}]},"55":{"line":341,"type":"if","locations":[{"start":{"line":341,"column":56},"end":{"line":341,"column":56}},{"start":{"line":341,"column":56},"end":{"line":341,"column":56}}]},"56":{"line":343,"type":"if","locations":[{"start":{"line":343,"column":8},"end":{"line":343,"column":8}},{"start":{"line":343,"column":8},"end":{"line":343,"column":8}}]},"57":{"line":344,"type":"if","locations":[{"start":{"line":344,"column":8},"end":{"line":344,"column":8}},{"start":{"line":344,"column":8},"end":{"line":344,"column":8}}]},"58":{"line":345,"type":"if","locations":[{"start":{"line":345,"column":8},"end":{"line":345,"column":8}},{"start":{"line":345,"column":8},"end":{"line":345,"column":8}}]},"59":{"line":351,"type":"if","locations":[{"start":{"line":351,"column":8},"end":{"line":351,"column":8}},{"start":{"line":351,"column":8},"end":{"line":351,"column":8}}]},"60":{"line":365,"type":"if","locations":[{"start":{"line":365,"column":8},"end":{"line":365,"column":8}},{"start":{"line":365,"column":8},"end":{"line":365,"column":8}}]},"61":{"line":377,"type":"if","locations":[{"start":{"line":377,"column":8},"end":{"line":377,"column":8}},{"start":{"line":377,"column":8},"end":{"line":377,"column":8}}]},"62":{"line":407,"type":"if","locations":[{"start":{"line":407,"column":39},"end":{"line":407,"column":65}},{"start":{"line":407,"column":69},"end":{"line":407,"column":69}}]},"63":{"line":414,"type":"if","locations":[{"start":{"line":414,"column":55},"end":{"line":414,"column":55}},{"start":{"line":414,"column":55},"end":{"line":414,"column":55}}]},"64":{"line":415,"type":"if","locations":[{"start":{"line":415,"column":8},"end":{"line":415,"column":8}},{"start":{"line":415,"column":8},"end":{"line":415,"column":8}}]},"65":{"line":420,"type":"if","locations":[{"start":{"line":420,"column":53},"end":{"line":420,"column":53}},{"start":{"line":420,"column":53},"end":{"line":420,"column":53}}]},"66":{"line":421,"type":"if","locations":[{"start":{"line":421,"column":8},"end":{"line":421,"column":8}},{"start":{"line":421,"column":8},"end":{"line":421,"column":8}}]},"67":{"line":426,"type":"if","locations":[{"start":{"line":426,"column":30},"end":{"line":426,"column":30}},{"start":{"line":426,"column":30},"end":{"line":426,"column":30}}]},"68":{"line":427,"type":"if","locations":[{"start":{"line":427,"column":32},"end":{"line":427,"column":32}},{"start":{"line":427,"column":32},"end":{"line":427,"column":32}}]},"69":{"line":429,"type":"if","locations":[{"start":{"line":429,"column":83},"end":{"line":429,"column":83}},{"start":{"line":429,"column":83},"end":{"line":429,"column":83}}]},"70":{"line":429,"type":"if","locations":[{"start":{"line":429,"column":93},"end":{"line":429,"column":93}},{"start":{"line":429,"column":93},"end":{"line":429,"column":93}}]},"71":{"line":430,"type":"if","locations":[{"start":{"line":430,"column":8},"end":{"line":430,"column":8}},{"start":{"line":430,"column":8},"end":{"line":430,"column":8}}]},"72":{"line":431,"type":"if","locations":[{"start":{"line":431,"column":8},"end":{"line":431,"column":8}},{"start":{"line":431,"column":8},"end":{"line":431,"column":8}}]},"73":{"line":435,"type":"if","locations":[{"start":{"line":435,"column":51},"end":{"line":435,"column":51}},{"start":{"line":435,"column":51},"end":{"line":435,"column":51}}]},"74":{"line":435,"type":"if","locations":[{"start":{"line":435,"column":61},"end":{"line":435,"column":61}},{"start":{"line":435,"column":61},"end":{"line":435,"column":61}}]},"75":{"line":436,"type":"if","locations":[{"start":{"line":436,"column":8},"end":{"line":436,"column":8}},{"start":{"line":436,"column":8},"end":{"line":436,"column":8}}]}}},"contracts/ClawTrustBond.sol":{"l":{"75":158,"76":157,"80":27,"81":27,"88":23,"90":22,"92":22,"93":22,"94":22,"96":22,"100":0,"101":0,"103":0,"105":0,"106":0,"107":0,"109":0,"113":4,"114":3,"115":3,"117":2,"118":2,"120":2,"122":2,"126":137,"127":137,"128":137,"132":20,"134":20,"135":19,"137":19,"138":19,"139":19,"141":18,"142":18,"144":18,"145":18,"146":18,"147":18,"148":18,"150":18,"154":28,"155":28,"156":28,"157":27,"158":26,"159":25,"161":23,"163":23,"164":8,"166":15,"169":23,"171":23,"172":2,"174":5,"179":8,"180":8,"182":8,"184":8,"185":3,"186":3,"187":3,"189":5,"193":2,"194":2,"195":2,"196":2,"199":3,"200":3,"202":3,"203":3,"204":3,"205":3,"207":3,"209":3,"210":3,"211":3,"217":1,"218":1,"219":1,"220":1,"224":0,"225":0,"226":0,"227":0,"231":17,"232":17,"233":17,"237":0,"238":0,"242":4,"246":1,"256":8,"257":8,"267":1,"268":1,"269":1,"273":2,"274":2},"path":"/home/runner/workspace/contracts/contracts/ClawTrustBond.sol","s":{"1":158,"2":27,"3":23,"4":22,"5":22,"6":22,"7":0,"8":0,"9":0,"10":0,"11":0,"12":4,"13":3,"14":3,"15":2,"16":2,"17":137,"18":137,"19":20,"20":20,"21":19,"22":19,"23":19,"24":19,"25":18,"26":18,"27":28,"28":28,"29":28,"30":27,"31":26,"32":25,"33":23,"34":23,"35":23,"36":2,"37":21,"38":5,"39":8,"40":8,"41":8,"42":3,"43":5,"44":2,"45":2,"46":3,"47":3,"48":3,"49":3,"50":3,"51":3,"52":1,"53":1,"54":1,"55":1,"56":0,"57":0,"58":0,"59":17,"60":17,"61":0,"62":4,"63":1,"64":8,"65":8,"66":1,"67":1,"68":1,"69":2,"70":2},"b":{"1":[1,157],"2":[0,27],"3":[24,0],"4":[23,1],"5":[1,22],"6":[0,0],"7":[0,0],"8":[0,0],"9":[0,0],"10":[0,0],"11":[4,0],"12":[1,3],"13":[1,2],"14":[137,0],"15":[0,137],"16":[20,1],"17":[20,0],"18":[20,0],"19":[1,19],"20":[0,19],"21":[0,19],"22":[1,18],"23":[29,0],"24":[28,1],"25":[0,28],"26":[1,27],"27":[1,26],"28":[1,25],"29":[2,23],"30":[8,15],"31":[2,21],"32":[5,16],"33":[3,5],"34":[2,3],"35":[3,0],"36":[1,1],"37":[1,0],"38":[0,1],"39":[0,1],"40":[0,0],"41":[0,0],"42":[17,0],"43":[0,17],"44":[0,0],"45":[4,1],"46":[1,0],"47":[0,1],"48":[0,2]},"f":{"1":158,"2":27,"3":23,"4":0,"5":4,"6":137,"7":20,"8":28,"9":8,"10":1,"11":0,"12":17,"13":0,"14":4,"15":1,"16":8,"17":1,"18":2},"fnMap":{"1":{"name":"onlyAuthorized","line":74,"loc":{"start":{"line":74,"column":4},"end":{"line":77,"column":4}}},"2":{"name":"constructor","line":79,"loc":{"start":{"line":79,"column":4},"end":{"line":82,"column":4}}},"3":{"name":"deposit","line":87,"loc":{"start":{"line":87,"column":4},"end":{"line":97,"column":4}}},"4":{"name":"depositFor","line":99,"loc":{"start":{"line":99,"column":4},"end":{"line":110,"column":4}}},"5":{"name":"withdraw","line":112,"loc":{"start":{"line":112,"column":4},"end":{"line":123,"column":4}}},"6":{"name":"updatePerformanceScore","line":125,"loc":{"start":{"line":125,"column":4},"end":{"line":129,"column":4}}},"7":{"name":"lockBondForGig","line":131,"loc":{"start":{"line":131,"column":4},"end":{"line":151,"column":4}}},"8":{"name":"swarmVote","line":153,"loc":{"start":{"line":153,"column":4},"end":{"line":176,"column":4}}},"9":{"name":"_finalizeGig","line":178,"loc":{"start":{"line":178,"column":4},"end":{"line":214,"column":4}}},"10":{"name":"adminFinalize","line":216,"loc":{"start":{"line":216,"column":4},"end":{"line":221,"column":4}}},"11":{"name":"setTreasury","line":223,"loc":{"start":{"line":223,"column":4},"end":{"line":228,"column":4}}},"12":{"name":"authorizeCaller","line":230,"loc":{"start":{"line":230,"column":4},"end":{"line":234,"column":4}}},"13":{"name":"revokeCaller","line":236,"loc":{"start":{"line":236,"column":4},"end":{"line":239,"column":4}}},"14":{"name":"pause","line":241,"loc":{"start":{"line":241,"column":4},"end":{"line":243,"column":4}}},"15":{"name":"unpause","line":245,"loc":{"start":{"line":245,"column":4},"end":{"line":247,"column":4}}},"16":{"name":"getBond","line":249,"loc":{"start":{"line":249,"column":4},"end":{"line":258,"column":4}}},"17":{"name":"getGigInfo","line":260,"loc":{"start":{"line":260,"column":4},"end":{"line":270,"column":4}}},"18":{"name":"hasVoted","line":272,"loc":{"start":{"line":272,"column":4},"end":{"line":275,"column":4}}}},"statementMap":{"1":{"start":{"line":75,"column":8},"end":{"line":75,"column":96}},"2":{"start":{"line":80,"column":8},"end":{"line":80,"column":60}},"3":{"start":{"line":88,"column":8},"end":{"line":88,"column":57}},"4":{"start":{"line":90,"column":8},"end":{"line":90,"column":68}},"5":{"start":{"line":92,"column":8},"end":{"line":92,"column":45}},"6":{"start":{"line":96,"column":8},"end":{"line":96,"column":46}},"7":{"start":{"line":100,"column":8},"end":{"line":100,"column":55}},"8":{"start":{"line":101,"column":8},"end":{"line":101,"column":57}},"9":{"start":{"line":103,"column":8},"end":{"line":103,"column":68}},"10":{"start":{"line":105,"column":8},"end":{"line":105,"column":40}},"11":{"start":{"line":109,"column":8},"end":{"line":109,"column":41}},"12":{"start":{"line":113,"column":8},"end":{"line":113,"column":43}},"13":{"start":{"line":114,"column":8},"end":{"line":114,"column":45}},"14":{"start":{"line":115,"column":8},"end":{"line":115,"column":61}},"15":{"start":{"line":120,"column":8},"end":{"line":120,"column":49}},"16":{"start":{"line":122,"column":8},"end":{"line":122,"column":46}},"17":{"start":{"line":126,"column":8},"end":{"line":126,"column":48}},"18":{"start":{"line":128,"column":8},"end":{"line":128,"column":50}},"19":{"start":{"line":132,"column":8},"end":{"line":132,"column":64}},"20":{"start":{"line":134,"column":8},"end":{"line":134,"column":54}},"21":{"start":{"line":135,"column":8},"end":{"line":135,"column":43}},"22":{"start":{"line":137,"column":8},"end":{"line":137,"column":40}},"23":{"start":{"line":138,"column":8},"end":{"line":138,"column":61}},"24":{"start":{"line":139,"column":8},"end":{"line":139,"column":99}},"25":{"start":{"line":144,"column":8},"end":{"line":144,"column":37}},"26":{"start":{"line":150,"column":8},"end":{"line":150,"column":45}},"27":{"start":{"line":154,"column":8},"end":{"line":154,"column":50}},"28":{"start":{"line":155,"column":8},"end":{"line":155,"column":37}},"29":{"start":{"line":156,"column":8},"end":{"line":156,"column":54}},"30":{"start":{"line":157,"column":8},"end":{"line":157,"column":58}},"31":{"start":{"line":158,"column":8},"end":{"line":158,"column":66}},"32":{"start":{"line":159,"column":8},"end":{"line":159,"column":85}},"33":{"start":{"line":163,"column":8},"end":{"line":163,"column":6061}},"34":{"start":{"line":169,"column":8},"end":{"line":169,"column":50}},"35":{"start":{"line":171,"column":8},"end":{"line":171,"column":6230}},"36":{"start":{"line":172,"column":12},"end":{"line":172,"column":36}},"37":{"start":{"line":173,"column":15},"end":{"line":173,"column":6324}},"38":{"start":{"line":174,"column":12},"end":{"line":174,"column":37}},"39":{"start":{"line":179,"column":8},"end":{"line":179,"column":37}},"40":{"start":{"line":180,"column":8},"end":{"line":180,"column":44}},"41":{"start":{"line":184,"column":8},"end":{"line":184,"column":6613}},"42":{"start":{"line":187,"column":12},"end":{"line":187,"column":65}},"43":{"start":{"line":189,"column":12},"end":{"line":189,"column":6821}},"44":{"start":{"line":195,"column":16},"end":{"line":195,"column":83}},"45":{"start":{"line":196,"column":16},"end":{"line":196,"column":22}},"46":{"start":{"line":199,"column":12},"end":{"line":199,"column":76}},"47":{"start":{"line":200,"column":12},"end":{"line":200,"column":62}},"48":{"start":{"line":207,"column":12},"end":{"line":207,"column":91}},"49":{"start":{"line":209,"column":12},"end":{"line":209,"column":77}},"50":{"start":{"line":210,"column":12},"end":{"line":210,"column":7931}},"51":{"start":{"line":211,"column":16},"end":{"line":211,"column":62}},"52":{"start":{"line":217,"column":8},"end":{"line":217,"column":50}},"53":{"start":{"line":218,"column":8},"end":{"line":218,"column":37}},"54":{"start":{"line":219,"column":8},"end":{"line":219,"column":54}},"55":{"start":{"line":220,"column":8},"end":{"line":220,"column":35}},"56":{"start":{"line":224,"column":8},"end":{"line":224,"column":59}},"57":{"start":{"line":225,"column":8},"end":{"line":225,"column":30}},"58":{"start":{"line":227,"column":8},"end":{"line":227,"column":44}},"59":{"start":{"line":231,"column":8},"end":{"line":231,"column":56}},"60":{"start":{"line":233,"column":8},"end":{"line":233,"column":37}},"61":{"start":{"line":238,"column":8},"end":{"line":238,"column":34}},"62":{"start":{"line":242,"column":8},"end":{"line":242,"column":15}},"63":{"start":{"line":246,"column":8},"end":{"line":246,"column":17}},"64":{"start":{"line":256,"column":8},"end":{"line":256,"column":40}},"65":{"start":{"line":257,"column":8},"end":{"line":257,"column":113}},"66":{"start":{"line":267,"column":8},"end":{"line":267,"column":50}},"67":{"start":{"line":268,"column":8},"end":{"line":268,"column":37}},"68":{"start":{"line":269,"column":8},"end":{"line":269,"column":90}},"69":{"start":{"line":273,"column":8},"end":{"line":273,"column":50}},"70":{"start":{"line":274,"column":8},"end":{"line":274,"column":42}}},"branchMap":{"1":{"line":75,"type":"if","locations":[{"start":{"line":75,"column":8},"end":{"line":75,"column":8}},{"start":{"line":75,"column":8},"end":{"line":75,"column":8}}]},"2":{"line":80,"type":"if","locations":[{"start":{"line":80,"column":8},"end":{"line":80,"column":8}},{"start":{"line":80,"column":8},"end":{"line":80,"column":8}}]},"3":{"line":87,"type":"if","locations":[{"start":{"line":87,"column":46},"end":{"line":87,"column":46}},{"start":{"line":87,"column":46},"end":{"line":87,"column":46}}]},"4":{"line":87,"type":"if","locations":[{"start":{"line":87,"column":59},"end":{"line":87,"column":59}},{"start":{"line":87,"column":59},"end":{"line":87,"column":59}}]},"5":{"line":88,"type":"if","locations":[{"start":{"line":88,"column":8},"end":{"line":88,"column":8}},{"start":{"line":88,"column":8},"end":{"line":88,"column":8}}]},"6":{"line":99,"type":"if","locations":[{"start":{"line":99,"column":64},"end":{"line":99,"column":64}},{"start":{"line":99,"column":64},"end":{"line":99,"column":64}}]},"7":{"line":99,"type":"if","locations":[{"start":{"line":99,"column":79},"end":{"line":99,"column":79}},{"start":{"line":99,"column":79},"end":{"line":99,"column":79}}]},"8":{"line":99,"type":"if","locations":[{"start":{"line":99,"column":92},"end":{"line":99,"column":92}},{"start":{"line":99,"column":92},"end":{"line":99,"column":92}}]},"9":{"line":100,"type":"if","locations":[{"start":{"line":100,"column":8},"end":{"line":100,"column":8}},{"start":{"line":100,"column":8},"end":{"line":100,"column":8}}]},"10":{"line":101,"type":"if","locations":[{"start":{"line":101,"column":8},"end":{"line":101,"column":8}},{"start":{"line":101,"column":8},"end":{"line":101,"column":8}}]},"11":{"line":112,"type":"if","locations":[{"start":{"line":112,"column":47},"end":{"line":112,"column":47}},{"start":{"line":112,"column":47},"end":{"line":112,"column":47}}]},"12":{"line":113,"type":"if","locations":[{"start":{"line":113,"column":8},"end":{"line":113,"column":8}},{"start":{"line":113,"column":8},"end":{"line":113,"column":8}}]},"13":{"line":115,"type":"if","locations":[{"start":{"line":115,"column":8},"end":{"line":115,"column":8}},{"start":{"line":115,"column":8},"end":{"line":115,"column":8}}]},"14":{"line":125,"type":"if","locations":[{"start":{"line":125,"column":75},"end":{"line":125,"column":75}},{"start":{"line":125,"column":75},"end":{"line":125,"column":75}}]},"15":{"line":126,"type":"if","locations":[{"start":{"line":126,"column":8},"end":{"line":126,"column":8}},{"start":{"line":126,"column":8},"end":{"line":126,"column":8}}]},"16":{"line":131,"type":"if","locations":[{"start":{"line":131,"column":83},"end":{"line":131,"column":83}},{"start":{"line":131,"column":83},"end":{"line":131,"column":83}}]},"17":{"line":131,"type":"if","locations":[{"start":{"line":131,"column":98},"end":{"line":131,"column":98}},{"start":{"line":131,"column":98},"end":{"line":131,"column":98}}]},"18":{"line":131,"type":"if","locations":[{"start":{"line":131,"column":111},"end":{"line":131,"column":111}},{"start":{"line":131,"column":111},"end":{"line":131,"column":111}}]},"19":{"line":134,"type":"if","locations":[{"start":{"line":134,"column":8},"end":{"line":134,"column":8}},{"start":{"line":134,"column":8},"end":{"line":134,"column":8}}]},"20":{"line":135,"type":"if","locations":[{"start":{"line":135,"column":8},"end":{"line":135,"column":8}},{"start":{"line":135,"column":8},"end":{"line":135,"column":8}}]},"21":{"line":138,"type":"if","locations":[{"start":{"line":138,"column":8},"end":{"line":138,"column":8}},{"start":{"line":138,"column":8},"end":{"line":138,"column":8}}]},"22":{"line":139,"type":"if","locations":[{"start":{"line":139,"column":8},"end":{"line":139,"column":8}},{"start":{"line":139,"column":8},"end":{"line":139,"column":8}}]},"23":{"line":153,"type":"if","locations":[{"start":{"line":153,"column":61},"end":{"line":153,"column":61}},{"start":{"line":153,"column":61},"end":{"line":153,"column":61}}]},"24":{"line":153,"type":"if","locations":[{"start":{"line":153,"column":74},"end":{"line":153,"column":74}},{"start":{"line":153,"column":74},"end":{"line":153,"column":74}}]},"25":{"line":154,"type":"if","locations":[{"start":{"line":154,"column":8},"end":{"line":154,"column":8}},{"start":{"line":154,"column":8},"end":{"line":154,"column":8}}]},"26":{"line":156,"type":"if","locations":[{"start":{"line":156,"column":8},"end":{"line":156,"column":8}},{"start":{"line":156,"column":8},"end":{"line":156,"column":8}}]},"27":{"line":157,"type":"if","locations":[{"start":{"line":157,"column":8},"end":{"line":157,"column":8}},{"start":{"line":157,"column":8},"end":{"line":157,"column":8}}]},"28":{"line":158,"type":"if","locations":[{"start":{"line":158,"column":8},"end":{"line":158,"column":8}},{"start":{"line":158,"column":8},"end":{"line":158,"column":8}}]},"29":{"line":159,"type":"if","locations":[{"start":{"line":159,"column":8},"end":{"line":159,"column":8}},{"start":{"line":159,"column":8},"end":{"line":159,"column":8}}]},"30":{"line":163,"type":"if","locations":[{"start":{"line":163,"column":8},"end":{"line":163,"column":8}},{"start":{"line":163,"column":8},"end":{"line":163,"column":8}}]},"31":{"line":171,"type":"if","locations":[{"start":{"line":171,"column":8},"end":{"line":171,"column":8}},{"start":{"line":171,"column":8},"end":{"line":171,"column":8}}]},"32":{"line":173,"type":"if","locations":[{"start":{"line":173,"column":15},"end":{"line":173,"column":15}},{"start":{"line":173,"column":15},"end":{"line":173,"column":15}}]},"33":{"line":184,"type":"if","locations":[{"start":{"line":184,"column":8},"end":{"line":184,"column":8}},{"start":{"line":184,"column":8},"end":{"line":184,"column":8}}]},"34":{"line":189,"type":"if","locations":[{"start":{"line":189,"column":12},"end":{"line":189,"column":12}},{"start":{"line":189,"column":12},"end":{"line":189,"column":12}}]},"35":{"line":210,"type":"if","locations":[{"start":{"line":210,"column":12},"end":{"line":210,"column":12}},{"start":{"line":210,"column":12},"end":{"line":210,"column":12}}]},"36":{"line":216,"type":"if","locations":[{"start":{"line":216,"column":65},"end":{"line":216,"column":65}},{"start":{"line":216,"column":65},"end":{"line":216,"column":65}}]},"37":{"line":216,"type":"if","locations":[{"start":{"line":216,"column":75},"end":{"line":216,"column":75}},{"start":{"line":216,"column":75},"end":{"line":216,"column":75}}]},"38":{"line":217,"type":"if","locations":[{"start":{"line":217,"column":8},"end":{"line":217,"column":8}},{"start":{"line":217,"column":8},"end":{"line":217,"column":8}}]},"39":{"line":219,"type":"if","locations":[{"start":{"line":219,"column":8},"end":{"line":219,"column":8}},{"start":{"line":219,"column":8},"end":{"line":219,"column":8}}]},"40":{"line":223,"type":"if","locations":[{"start":{"line":223,"column":53},"end":{"line":223,"column":53}},{"start":{"line":223,"column":53},"end":{"line":223,"column":53}}]},"41":{"line":224,"type":"if","locations":[{"start":{"line":224,"column":8},"end":{"line":224,"column":8}},{"start":{"line":224,"column":8},"end":{"line":224,"column":8}}]},"42":{"line":230,"type":"if","locations":[{"start":{"line":230,"column":54},"end":{"line":230,"column":54}},{"start":{"line":230,"column":54},"end":{"line":230,"column":54}}]},"43":{"line":231,"type":"if","locations":[{"start":{"line":231,"column":8},"end":{"line":231,"column":8}},{"start":{"line":231,"column":8},"end":{"line":231,"column":8}}]},"44":{"line":236,"type":"if","locations":[{"start":{"line":236,"column":51},"end":{"line":236,"column":51}},{"start":{"line":236,"column":51},"end":{"line":236,"column":51}}]},"45":{"line":241,"type":"if","locations":[{"start":{"line":241,"column":30},"end":{"line":241,"column":30}},{"start":{"line":241,"column":30},"end":{"line":241,"column":30}}]},"46":{"line":245,"type":"if","locations":[{"start":{"line":245,"column":32},"end":{"line":245,"column":32}},{"start":{"line":245,"column":32},"end":{"line":245,"column":32}}]},"47":{"line":267,"type":"if","locations":[{"start":{"line":267,"column":8},"end":{"line":267,"column":8}},{"start":{"line":267,"column":8},"end":{"line":267,"column":8}}]},"48":{"line":273,"type":"if","locations":[{"start":{"line":273,"column":8},"end":{"line":273,"column":8}},{"start":{"line":273,"column":8},"end":{"line":273,"column":8}}]}}},"contracts/ClawTrustCrew.sol":{"l":{"75":4,"76":3,"80":11,"81":11,"82":9,"83":9,"93":25,"94":24,"95":23,"96":22,"99":21,"100":21,"102":21,"103":21,"104":21,"105":21,"106":21,"107":21,"109":21,"111":21,"112":48,"113":48,"114":48,"115":47,"116":46,"118":45,"119":45,"120":45,"121":45,"123":45,"126":18,"127":1,"128":1,"129":1,"130":1,"131":1,"134":18,"135":18,"137":18,"138":18,"157":1,"158":1,"160":1,"161":1,"163":1,"164":1,"165":1,"166":1,"167":1,"168":1,"170":1,"171":1,"173":1,"174":1,"178":2,"179":2,"180":2,"181":1,"182":1,"183":1,"185":1,"186":1,"187":1,"188":1,"190":1,"194":5,"195":5,"196":4,"197":3,"199":2,"200":2,"201":2,"203":2,"204":2,"205":4,"206":2,"207":2,"208":2,"212":2,"216":2,"218":2,"219":2,"222":2,"224":2,"226":2,"230":1,"231":1,"233":1,"234":1,"238":3,"239":3,"240":3,"252":1,"253":1,"255":1,"256":1,"257":3,"258":3,"264":1,"268":3,"269":2,"273":0,"274":0,"275":0,"279":2,"283":2,"284":2,"285":2,"289":0,"290":0},"path":"/home/runner/workspace/contracts/contracts/ClawTrustCrew.sol","s":{"1":4,"2":11,"3":11,"4":9,"5":25,"6":24,"7":23,"8":22,"9":21,"10":21,"11":21,"12":21,"13":21,"14":48,"15":48,"16":48,"17":47,"18":46,"19":45,"20":45,"21":18,"22":1,"23":1,"24":18,"25":18,"26":1,"27":1,"28":1,"29":1,"30":1,"31":1,"32":1,"33":2,"34":2,"35":2,"36":1,"37":1,"38":1,"39":1,"40":1,"41":5,"42":5,"43":4,"44":3,"45":2,"46":2,"47":4,"48":2,"49":2,"50":2,"51":2,"52":2,"53":1,"54":1,"55":1,"56":3,"57":3,"58":3,"59":1,"60":1,"61":1,"62":1,"63":3,"64":1,"65":3,"66":1,"67":2,"68":0,"69":0,"70":0,"71":2,"72":2,"73":2,"74":0,"75":4,"76":2},"b":{"1":[1,3],"2":[0,11],"3":[2,9],"4":[0,9],"5":[25,1],"6":[1,24],"7":[1,23],"8":[1,22],"9":[1,21],"10":[0,21],"11":[0,48],"12":[1,47],"13":[1,46],"14":[1,45],"15":[19,26],"16":[1,17],"17":[0,1],"18":[2,0],"19":[1,1],"20":[0,1],"21":[0,1],"22":[0,1],"23":[2,1],"24":[0,2],"25":[1,1],"26":[0,1],"27":[0,1],"28":[0,1],"29":[5,0],"30":[1,4],"31":[1,3],"32":[1,2],"33":[2,2],"34":[2,1],"35":[1,1],"36":[0,1],"37":[0,1],"38":[0,3],"39":[0,1],"40":[1,2],"41":[0,0],"42":[0,0],"43":[2,0],"44":[0,2],"45":[0,0],"46":[4,1],"47":[2,0]},"f":{"1":4,"2":11,"3":28,"4":25,"5":1,"6":2,"7":5,"8":2,"9":1,"10":3,"11":1,"12":3,"13":0,"14":2,"15":2,"16":0,"17":4,"18":2},"fnMap":{"1":{"name":"onlyAuthorized","line":74,"loc":{"start":{"line":74,"column":4},"end":{"line":77,"column":4}}},"2":{"name":"onlyCrewLead","line":79,"loc":{"start":{"line":79,"column":4},"end":{"line":84,"column":4}}},"3":{"name":"constructor","line":86,"loc":{"start":{"line":86,"column":4},"end":{"line":86,"column":39}}},"4":{"name":"formCrew","line":92,"loc":{"start":{"line":88,"column":4},"end":{"line":139,"column":4}}},"5":{"name":"formCrewFor","line":156,"loc":{"start":{"line":152,"column":4},"end":{"line":175,"column":4}}},"6":{"name":"addMember","line":177,"loc":{"start":{"line":177,"column":4},"end":{"line":191,"column":4}}},"7":{"name":"removeMember","line":193,"loc":{"start":{"line":193,"column":4},"end":{"line":213,"column":4}}},"8":{"name":"dissolveCrew","line":215,"loc":{"start":{"line":215,"column":4},"end":{"line":227,"column":4}}},"9":{"name":"recordGigCompletion","line":229,"loc":{"start":{"line":229,"column":4},"end":{"line":235,"column":4}}},"10":{"name":"getCrewInfo","line":237,"loc":{"start":{"line":237,"column":4},"end":{"line":249,"column":4}}},"11":{"name":"getCrewMembers","line":251,"loc":{"start":{"line":251,"column":4},"end":{"line":265,"column":4}}},"12":{"name":"verifyMembership","line":267,"loc":{"start":{"line":267,"column":4},"end":{"line":270,"column":4}}},"13":{"name":"getMemberRole","line":272,"loc":{"start":{"line":272,"column":4},"end":{"line":276,"column":4}}},"14":{"name":"getAgentCrew","line":278,"loc":{"start":{"line":278,"column":4},"end":{"line":280,"column":4}}},"15":{"name":"authorizeCaller","line":282,"loc":{"start":{"line":282,"column":4},"end":{"line":286,"column":4}}},"16":{"name":"revokeCaller","line":288,"loc":{"start":{"line":288,"column":4},"end":{"line":291,"column":4}}},"17":{"name":"pause","line":293,"loc":{"start":{"line":293,"column":4},"end":{"line":293,"column":52}}},"18":{"name":"unpause","line":294,"loc":{"start":{"line":294,"column":4},"end":{"line":294,"column":56}}}},"statementMap":{"1":{"start":{"line":75,"column":8},"end":{"line":75,"column":96}},"2":{"start":{"line":80,"column":8},"end":{"line":80,"column":53}},"3":{"start":{"line":81,"column":8},"end":{"line":81,"column":65}},"4":{"start":{"line":82,"column":8},"end":{"line":82,"column":56}},"5":{"start":{"line":93,"column":8},"end":{"line":93,"column":63}},"6":{"start":{"line":94,"column":8},"end":{"line":94,"column":64}},"7":{"start":{"line":95,"column":8},"end":{"line":95,"column":71}},"8":{"start":{"line":96,"column":8},"end":{"line":96,"column":70}},"9":{"start":{"line":99,"column":8},"end":{"line":99,"column":86}},"10":{"start":{"line":100,"column":8},"end":{"line":100,"column":57}},"11":{"start":{"line":102,"column":8},"end":{"line":102,"column":41}},"12":{"start":{"line":109,"column":8},"end":{"line":109,"column":33}},"13":{"start":{"line":111,"column":8},"end":{"line":111,"column":3719}},"14":{"start":{"line":112,"column":12},"end":{"line":112,"column":39}},"15":{"start":{"line":113,"column":12},"end":{"line":113,"column":60}},"16":{"start":{"line":114,"column":12},"end":{"line":114,"column":62}},"17":{"start":{"line":115,"column":12},"end":{"line":115,"column":70}},"18":{"start":{"line":116,"column":12},"end":{"line":116,"column":69}},"19":{"start":{"line":118,"column":12},"end":{"line":118,"column":44}},"20":{"start":{"line":123,"column":12},"end":{"line":123,"column":56}},"21":{"start":{"line":126,"column":8},"end":{"line":126,"column":4338}},"22":{"start":{"line":127,"column":12},"end":{"line":127,"column":69}},"23":{"start":{"line":128,"column":12},"end":{"line":128,"column":48}},"24":{"start":{"line":137,"column":8},"end":{"line":137,"column":78}},"25":{"start":{"line":138,"column":8},"end":{"line":138,"column":21}},"26":{"start":{"line":157,"column":8},"end":{"line":157,"column":54}},"27":{"start":{"line":158,"column":8},"end":{"line":158,"column":44}},"28":{"start":{"line":160,"column":8},"end":{"line":160,"column":80}},"29":{"start":{"line":161,"column":8},"end":{"line":161,"column":57}},"30":{"start":{"line":163,"column":8},"end":{"line":163,"column":41}},"31":{"start":{"line":173,"column":8},"end":{"line":173,"column":56}},"32":{"start":{"line":174,"column":8},"end":{"line":174,"column":21}},"33":{"start":{"line":178,"column":8},"end":{"line":178,"column":41}},"34":{"start":{"line":179,"column":8},"end":{"line":179,"column":56}},"35":{"start":{"line":180,"column":8},"end":{"line":180,"column":56}},"36":{"start":{"line":181,"column":8},"end":{"line":181,"column":66}},"37":{"start":{"line":182,"column":8},"end":{"line":182,"column":78}},"38":{"start":{"line":183,"column":8},"end":{"line":183,"column":61}},"39":{"start":{"line":185,"column":8},"end":{"line":185,"column":40}},"40":{"start":{"line":190,"column":8},"end":{"line":190,"column":52}},"41":{"start":{"line":194,"column":8},"end":{"line":194,"column":41}},"42":{"start":{"line":195,"column":8},"end":{"line":195,"column":53}},"43":{"start":{"line":196,"column":8},"end":{"line":196,"column":56}},"44":{"start":{"line":197,"column":8},"end":{"line":197,"column":77}},"45":{"start":{"line":203,"column":8},"end":{"line":203,"column":49}},"46":{"start":{"line":204,"column":8},"end":{"line":204,"column":7473}},"47":{"start":{"line":205,"column":12},"end":{"line":205,"column":7524}},"48":{"start":{"line":207,"column":16},"end":{"line":207,"column":41}},"49":{"start":{"line":212,"column":8},"end":{"line":212,"column":42}},"50":{"start":{"line":216,"column":8},"end":{"line":216,"column":41}},"51":{"start":{"line":218,"column":8},"end":{"line":218,"column":7902}},"52":{"start":{"line":226,"column":8},"end":{"line":226,"column":46}},"53":{"start":{"line":230,"column":8},"end":{"line":230,"column":53}},"54":{"start":{"line":231,"column":8},"end":{"line":231,"column":56}},"55":{"start":{"line":234,"column":8},"end":{"line":234,"column":62}},"56":{"start":{"line":238,"column":8},"end":{"line":238,"column":53}},"57":{"start":{"line":239,"column":8},"end":{"line":239,"column":41}},"58":{"start":{"line":240,"column":8},"end":{"line":240,"column":8718}},"59":{"start":{"line":252,"column":8},"end":{"line":252,"column":53}},"60":{"start":{"line":253,"column":8},"end":{"line":253,"column":41}},"61":{"start":{"line":255,"column":8},"end":{"line":255,"column":83}},"62":{"start":{"line":256,"column":8},"end":{"line":256,"column":9296}},"63":{"start":{"line":257,"column":12},"end":{"line":257,"column":50}},"64":{"start":{"line":264,"column":8},"end":{"line":264,"column":22}},"65":{"start":{"line":268,"column":8},"end":{"line":268,"column":44}},"66":{"start":{"line":268,"column":32},"end":{"line":268,"column":44}},"67":{"start":{"line":269,"column":8},"end":{"line":269,"column":69}},"68":{"start":{"line":273,"column":8},"end":{"line":273,"column":53}},"69":{"start":{"line":274,"column":8},"end":{"line":274,"column":62}},"70":{"start":{"line":275,"column":8},"end":{"line":275,"column":48}},"71":{"start":{"line":279,"column":8},"end":{"line":279,"column":31}},"72":{"start":{"line":283,"column":8},"end":{"line":283,"column":56}},"73":{"start":{"line":285,"column":8},"end":{"line":285,"column":37}},"74":{"start":{"line":290,"column":8},"end":{"line":290,"column":34}},"75":{"start":{"line":293,"column":42},"end":{"line":293,"column":49}},"76":{"start":{"line":294,"column":44},"end":{"line":294,"column":53}}},"branchMap":{"1":{"line":75,"type":"if","locations":[{"start":{"line":75,"column":8},"end":{"line":75,"column":8}},{"start":{"line":75,"column":8},"end":{"line":75,"column":8}}]},"2":{"line":80,"type":"if","locations":[{"start":{"line":80,"column":8},"end":{"line":80,"column":8}},{"start":{"line":80,"column":8},"end":{"line":80,"column":8}}]},"3":{"line":81,"type":"if","locations":[{"start":{"line":81,"column":8},"end":{"line":81,"column":8}},{"start":{"line":81,"column":8},"end":{"line":81,"column":8}}]},"4":{"line":82,"type":"if","locations":[{"start":{"line":82,"column":8},"end":{"line":82,"column":8}},{"start":{"line":82,"column":8},"end":{"line":82,"column":8}}]},"5":{"line":92,"type":"if","locations":[{"start":{"line":92,"column":15},"end":{"line":92,"column":15}},{"start":{"line":92,"column":15},"end":{"line":92,"column":15}}]},"6":{"line":93,"type":"if","locations":[{"start":{"line":93,"column":8},"end":{"line":93,"column":8}},{"start":{"line":93,"column":8},"end":{"line":93,"column":8}}]},"7":{"line":94,"type":"if","locations":[{"start":{"line":94,"column":8},"end":{"line":94,"column":8}},{"start":{"line":94,"column":8},"end":{"line":94,"column":8}}]},"8":{"line":95,"type":"if","locations":[{"start":{"line":95,"column":8},"end":{"line":95,"column":8}},{"start":{"line":95,"column":8},"end":{"line":95,"column":8}}]},"9":{"line":96,"type":"if","locations":[{"start":{"line":96,"column":8},"end":{"line":96,"column":8}},{"start":{"line":96,"column":8},"end":{"line":96,"column":8}}]},"10":{"line":100,"type":"if","locations":[{"start":{"line":100,"column":8},"end":{"line":100,"column":8}},{"start":{"line":100,"column":8},"end":{"line":100,"column":8}}]},"11":{"line":113,"type":"if","locations":[{"start":{"line":113,"column":12},"end":{"line":113,"column":12}},{"start":{"line":113,"column":12},"end":{"line":113,"column":12}}]},"12":{"line":114,"type":"if","locations":[{"start":{"line":114,"column":12},"end":{"line":114,"column":12}},{"start":{"line":114,"column":12},"end":{"line":114,"column":12}}]},"13":{"line":115,"type":"if","locations":[{"start":{"line":115,"column":12},"end":{"line":115,"column":12}},{"start":{"line":115,"column":12},"end":{"line":115,"column":12}}]},"14":{"line":116,"type":"if","locations":[{"start":{"line":116,"column":12},"end":{"line":116,"column":12}},{"start":{"line":116,"column":12},"end":{"line":116,"column":12}}]},"15":{"line":123,"type":"if","locations":[{"start":{"line":123,"column":12},"end":{"line":123,"column":12}},{"start":{"line":123,"column":12},"end":{"line":123,"column":12}}]},"16":{"line":126,"type":"if","locations":[{"start":{"line":126,"column":8},"
[...]
locations":[{"start":{"line":135,"column":8},"end":{"line":135,"column":8}},{"start":{"line":135,"column":8},"end":{"line":135,"column":8}}]},"12":{"line":137,"type":"if","locations":[{"start":{"line":137,"column":8},"end":{"line":137,"column":8}},{"start":{"line":137,"column":8},"end":{"line":137,"column":8}}]},"13":{"line":156,"type":"if","locations":[{"start":{"line":156,"column":12},"end":{"line":156,"column":12}},{"start":{"line":156,"column":12},"end":{"line":156,"column":12}}]},"14":{"line":157,"type":"if","locations":[{"start":{"line":157,"column":12},"end":{"line":157,"column":12}},{"start":{"line":157,"column":12},"end":{"line":157,"column":12}}]},"15":{"line":158,"type":"if","locations":[{"start":{"line":158,"column":12},"end":{"line":158,"column":12}},{"start":{"line":158,"column":12},"end":{"line":158,"column":12}}]},"16":{"line":159,"type":"if","locations":[{"start":{"line":159,"column":12},"end":{"line":159,"column":12}},{"start":{"line":159,"column":12},"end":{"line":159,"column":12}}]},"17":{"line":170,"type":"if","locations":[{"start":{"line":170,"column":58},"end":{"line":170,"column":58}},{"start":{"line":170,"column":58},"end":{"line":170,"column":58}}]},"18":{"line":170,"type":"if","locations":[{"start":{"line":170,"column":71},"end":{"line":170,"column":71}},{"start":{"line":170,"column":71},"end":{"line":170,"column":71}}]},"19":{"line":171,"type":"if","locations":[{"start":{"line":171,"column":8},"end":{"line":171,"column":8}},{"start":{"line":171,"column":8},"end":{"line":171,"column":8}}]},"20":{"line":174,"type":"if","locations":[{"start":{"line":174,"column":8},"end":{"line":174,"column":8}},{"start":{"line":174,"column":8},"end":{"line":174,"column":8}}]},"21":{"line":175,"type":"if","locations":[{"start":{"line":175,"column":8},"end":{"line":175,"column":8}},{"start":{"line":175,"column":8},"end":{"line":175,"column":8}}]},"22":{"line":178,"type":"if","locations":[{"start":{"line":178,"column":8},"end":{"line":178,"column":8}},{"start":{"line":178,"column":8},"end":{"line":178,"column":8}}]},"23":{"line":179,"type":"if","locations":[{"start":{"line":179,"column":8},"end":{"line":179,"column":8}},{"start":{"line":179,"column":8},"end":{"line":179,"column":8}}]},"24":{"line":180,"type":"if","locations":[{"start":{"line":180,"column":8},"end":{"line":180,"column":8}},{"start":{"line":180,"column":8},"end":{"line":180,"column":8}}]},"25":{"line":181,"type":"if","locations":[{"start":{"line":181,"column":8},"end":{"line":181,"column":8}},{"start":{"line":181,"column":8},"end":{"line":181,"column":8}}]},"26":{"line":182,"type":"if","locations":[{"start":{"line":182,"column":8},"end":{"line":182,"column":8}},{"start":{"line":182,"column":8},"end":{"line":182,"column":8}}]},"27":{"line":186,"type":"if","locations":[{"start":{"line":186,"column":8},"end":{"line":186,"column":8}},{"start":{"line":186,"column":8},"end":{"line":186,"column":8}}]},"28":{"line":199,"type":"if","locations":[{"start":{"line":199,"column":8},"end":{"line":199,"column":8}},{"start":{"line":199,"column":8},"end":{"line":199,"column":8}}]},"29":{"line":200,"type":"if","locations":[{"start":{"line":200,"column":8},"end":{"line":200,"column":8}},{"start":{"line":200,"column":8},"end":{"line":200,"column":8}}]},"30":{"line":204,"type":"if","locations":[{"start":{"line":204,"column":15},"end":{"line":204,"column":15}},{"start":{"line":204,"column":15},"end":{"line":204,"column":15}}]},"31":{"line":222,"type":"if","locations":[{"start":{"line":222,"column":54},"end":{"line":222,"column":54}},{"start":{"line":222,"column":54},"end":{"line":222,"column":54}}]},"32":{"line":223,"type":"if","locations":[{"start":{"line":223,"column":8},"end":{"line":223,"column":8}},{"start":{"line":223,"column":8},"end":{"line":223,"column":8}}]},"33":{"line":225,"type":"if","locations":[{"start":{"line":225,"column":8},"end":{"line":225,"column":8}},{"start":{"line":225,"column":8},"end":{"line":225,"column":8}}]},"34":{"line":226,"type":"if","locations":[{"start":{"line":226,"column":8},"end":{"line":226,"column":8}},{"start":{"line":226,"column":8},"end":{"line":226,"column":8}}]},"35":{"line":233,"type":"if","locations":[{"start":{"line":233,"column":8},"end":{"line":233,"column":8}},{"start":{"line":233,"column":8},"end":{"line":233,"column":8}}]},"36":{"line":236,"type":"if","locations":[{"start":{"line":236,"column":8},"end":{"line":236,"column":8}},{"start":{"line":236,"column":8},"end":{"line":236,"column":8}}]},"37":{"line":239,"type":"if","locations":[{"start":{"line":239,"column":62},"end":{"line":239,"column":81}},{"start":{"line":239,"column":85},"end":{"line":239,"column":100}}]},"38":{"line":243,"type":"if","locations":[{"start":{"line":243,"column":49},"end":{"line":243,"column":49}},{"start":{"line":243,"column":49},"end":{"line":243,"column":49}}]},"39":{"line":244,"type":"if","locations":[{"start":{"line":244,"column":8},"end":{"line":244,"column":8}},{"start":{"line":244,"column":8},"end":{"line":244,"column":8}}]},"40":{"line":247,"type":"if","locations":[{"start":{"line":247,"column":8},"end":{"line":247,"column":8}},{"start":{"line":247,"column":8},"end":{"line":247,"column":8}}]},"41":{"line":248,"type":"if","locations":[{"start":{"line":248,"column":8},"end":{"line":248,"column":8}},{"start":{"line":248,"column":8},"end":{"line":248,"column":8}}]},"42":{"line":249,"type":"if","locations":[{"start":{"line":249,"column":8},"end":{"line":249,"column":8}},{"start":{"line":249,"column":8},"end":{"line":249,"column":8}}]},"43":{"line":250,"type":"if","locations":[{"start":{"line":250,"column":8},"end":{"line":250,"column":8}},{"start":{"line":250,"column":8},"end":{"line":250,"column":8}}]},"44":{"line":250,"type":"cond-expr","locations":[{"start":{"line":250,"column":11},"end":{"line":250,"column":27}},{"start":{"line":250,"column":32},"end":{"line":250,"column":46}}]},"45":{"line":253,"type":"if","locations":[{"start":{"line":253,"column":8},"end":{"line":253,"column":8}},{"start":{"line":253,"column":8},"end":{"line":253,"column":8}}]},"46":{"line":256,"type":"if","locations":[{"start":{"line":256,"column":8},"end":{"line":256,"column":8}},{"start":{"line":256,"column":8},"end":{"line":256,"column":8}}]},"47":{"line":257,"type":"if","locations":[{"start":{"line":257,"column":8},"end":{"line":257,"column":8}},{"start":{"line":257,"column":8},"end":{"line":257,"column":8}}]},"48":{"line":276,"type":"if","locations":[{"start":{"line":276,"column":8},"end":{"line":276,"column":8}},{"start":{"line":276,"column":8},"end":{"line":276,"column":8}}]},"49":{"line":288,"type":"if","locations":[{"start":{"line":288,"column":8},"end":{"line":288,"column":8}},{"start":{"line":288,"column":8},"end":{"line":288,"column":8}}]},"50":{"line":308,"type":"if","locations":[{"start":{"line":308,"column":8},"end":{"line":308,"column":8}},{"start":{"line":308,"column":8},"end":{"line":308,"column":8}}]},"51":{"line":313,"type":"if","locations":[{"start":{"line":313,"column":8},"end":{"line":313,"column":8}},{"start":{"line":313,"column":8},"end":{"line":313,"column":8}}]},"52":{"line":318,"type":"if","locations":[{"start":{"line":318,"column":8},"end":{"line":318,"column":8}},{"start":{"line":318,"column":8},"end":{"line":318,"column":8}}]},"53":{"line":322,"type":"if","locations":[{"start":{"line":322,"column":62},"end":{"line":322,"column":62}},{"start":{"line":322,"column":62},"end":{"line":322,"column":62}}]},"54":{"line":323,"type":"if","locations":[{"start":{"line":323,"column":8},"end":{"line":323,"column":8}},{"start":{"line":323,"column":8},"end":{"line":323,"column":8}}]},"55":{"line":323,"type":"cond-expr","locations":[{"start":{"line":323,"column":11},"end":{"line":323,"column":25}},{"start":{"line":323,"column":30},"end":{"line":323,"column":44}}]},"56":{"line":329,"type":"if","locations":[{"start":{"line":329,"column":63},"end":{"line":329,"column":63}},{"start":{"line":329,"column":63},"end":{"line":329,"column":63}}]},"57":{"line":330,"type":"if","locations":[{"start":{"line":330,"column":8},"end":{"line":330,"column":8}},{"start":{"line":330,"column":8},"end":{"line":330,"column":8}}]},"58":{"line":330,"type":"cond-expr","locations":[{"start":{"line":330,"column":11},"end":{"line":330,"column":20}},{"start":{"line":330,"column":25},"end":{"line":330,"column":47}}]},"59":{"line":334,"type":"if","locations":[{"start":{"line":334,"column":30},"end":{"line":334,"column":30}},{"start":{"line":334,"column":30},"end":{"line":334,"column":30}}]},"60":{"line":335,"type":"if","locations":[{"start":{"line":335,"column":32},"end":{"line":335,"column":32}},{"start":{"line":335,"column":32},"end":{"line":335,"column":32}}]},"61":{"line":337,"type":"if","locations":[{"start":{"line":337,"column":57},"end":{"line":337,"column":57}},{"start":{"line":337,"column":57},"end":{"line":337,"column":57}}]},"62":{"line":338,"type":"if","locations":[{"start":{"line":338,"column":8},"end":{"line":338,"column":8}},{"start":{"line":338,"column":8},"end":{"line":338,"column":8}}]},"63":{"line":346,"type":"if","locations":[{"start":{"line":346,"column":70},"end":{"line":346,"column":70}},{"start":{"line":346,"column":70},"end":{"line":346,"column":70}}]},"64":{"line":346,"type":"if","locations":[{"start":{"line":346,"column":80},"end":{"line":346,"column":80}},{"start":{"line":346,"column":80},"end":{"line":346,"column":80}}]},"65":{"line":347,"type":"if","locations":[{"start":{"line":347,"column":8},"end":{"line":347,"column":8}},{"start":{"line":347,"column":8},"end":{"line":347,"column":8}}]},"66":{"line":348,"type":"if","locations":[{"start":{"line":348,"column":8},"end":{"line":348,"column":8}},{"start":{"line":348,"column":8},"end":{"line":348,"column":8}}]},"67":{"line":350,"type":"if","locations":[{"start":{"line":350,"column":8},"end":{"line":350,"column":8}},{"start":{"line":350,"column":8},"end":{"line":350,"column":8}}]},"68":{"line":351,"type":"if","locations":[{"start":{"line":351,"column":8},"end":{"line":351,"column":8}},{"start":{"line":351,"column":8},"end":{"line":351,"column":8}}]},"69":{"line":354,"type":"if","locations":[{"start":{"line":354,"column":8},"end":{"line":354,"column":8}},{"start":{"line":354,"column":8},"end":{"line":354,"column":8}}]},"70":{"line":368,"type":"if","locations":[{"start":{"line":368,"column":8},"end":{"line":368,"column":8}},{"start":{"line":368,"column":8},"end":{"line":368,"column":8}}]},"71":{"line":371,"type":"if","locations":[{"start":{"line":371,"column":8},"end":{"line":371,"column":8}},{"start":{"line":371,"column":8},"end":{"line":371,"column":8}}]},"72":{"line":373,"type":"if","locations":[{"start":{"line":373,"column":8},"end":{"line":373,"column":8}},{"start":{"line":373,"column":8},"end":{"line":373,"column":8}}]},"73":{"line":375,"type":"if","locations":[{"start":{"line":375,"column":8},"end":{"line":375,"column":8}},{"start":{"line":375,"column":8},"end":{"line":375,"column":8}}]}}},"contracts/ERC8004IdentityRegistry.sol":{"l":{"25":36,"33":18,"34":17,"36":16,"37":16,"43":16,"44":16,"45":16,"47":16,"51":6,"52":4,"56":3,"57":3,"58":2,"62":4,"63":2,"64":2,"68":2,"69":1,"73":4,"82":17,"90":17,"91":17,"92":17,"93":17,"95":17,"96":17,"100":6,"104":2,"108":5,"109":3},"path":"/home/runner/workspace/contracts/contracts/ERC8004IdentityRegistry.sol","s":{"1":18,"2":17,"3":16,"4":6,"5":4,"6":3,"7":2,"8":4,"9":2,"10":2,"11":1,"12":4,"13":17,"14":17,"15":17,"16":17,"17":17,"18":17,"19":6,"20":2,"21":5,"22":3},"b":{"1":[1,17],"2":[1,16],"3":[2,4],"4":[1,2],"5":[2,2],"6":[1,1],"7":[17,1],"8":[1,16],"9":[1,16],"10":[2,3]},"f":{"1":36,"2":18,"3":6,"4":3,"5":4,"6":2,"7":4,"8":17,"9":6,"10":2,"11":5},"fnMap":{"1":{"name":"constructor","line":24,"loc":{"start":{"line":24,"column":4},"end":{"line":26,"column":4}}},"2":{"name":"registerIdentity","line":28,"loc":{"start":{"line":28,"column":4},"end":{"line":48,"column":4}}},"3":{"name":"getIdentity","line":50,"loc":{"start":{"line":50,"column":4},"end":{"line":53,"column":4}}},"4":{"name":"getIdentityByHandle","line":55,"loc":{"start":{"line":55,"column":4},"end":{"line":59,"column":4}}},"5":{"name":"updateMetadata","line":61,"loc":{"start":{"line":61,"column":4},"end":{"line":65,"column":4}}},"6":{"name":"ownerOfIdentity","line":67,"loc":{"start":{"line":67,"column":4},"end":{"line":70,"column":4}}},"7":{"name":"isRegistered","line":72,"loc":{"start":{"line":72,"column":4},"end":{"line":74,"column":4}}},"8":{"name":"submitFeedback","line":81,"loc":{"start":{"line":76,"column":4},"end":{"line":97,"column":4}}},"9":{"name":"getScore","line":99,"loc":{"start":{"line":99,"column":4},"end":{"line":101,"column":4}}},"10":{"name":"getFeedbackCount","line":103,"loc":{"start":{"line":103,"column":4},"end":{"line":105,"column":4}}},"11":{"name":"getFeedback","line":107,"loc":{"start":{"line":107,"column":4},"end":{"line":110,"column":4}}}},"statementMap":{"1":{"start":{"line":33,"column":8},"end":{"line":33,"column":70}},"2":{"start":{"line":34,"column":8},"end":{"line":34,"column":61}},"3":{"start":{"line":47,"column":8},"end":{"line":47,"column":60}},"4":{"start":{"line":51,"column":8},"end":{"line":51,"column":61}},"5":{"start":{"line":52,"column":8},"end":{"line":52,"column":35}},"6":{"start":{"line":57,"column":8},"end":{"line":57,"column":43}},"7":{"start":{"line":58,"column":8},"end":{"line":58,"column":46}},"8":{"start":{"line":62,"column":8},"end":{"line":62,"column":61}},"9":{"start":{"line":64,"column":8},"end":{"line":64,"column":45}},"10":{"start":{"line":68,"column":8},"end":{"line":68,"column":61}},"11":{"start":{"line":69,"column":8},"end":{"line":69,"column":31}},"12":{"start":{"line":73,"column":8},"end":{"line":73,"column":40}},"13":{"start":{"line":82,"column":8},"end":{"line":82,"column":2787}},"14":{"start":{"line":90,"column":8},"end":{"line":90,"column":45}},"15":{"start":{"line":91,"column":8},"end":{"line":91,"column":46}},"16":{"start":{"line":92,"column":8},"end":{"line":92,"column":48}},"17":{"start":{"line":95,"column":8},"end":{"line":95,"column":59}},"18":{"start":{"line":96,"column":8},"end":{"line":96,"column":42}},"19":{"start":{"line":100,"column":8},"end":{"line":100,"column":29}},"20":{"start":{"line":104,"column":8},"end":{"line":104,"column":39}},"21":{"start":{"line":108,"column":8},"end":{"line":108,"column":72}},"22":{"start":{"line":109,"column":8},"end":{"line":109,"column":39}}},"branchMap":{"1":{"line":33,"type":"if","locations":[{"start":{"line":33,"column":8},"end":{"line":33,"column":8}},{"start":{"line":33,"column":8},"end":{"line":33,"column":8}}]},"2":{"line":34,"type":"if","locations":[{"start":{"line":34,"column":8},"end":{"line":34,"column":8}},{"start":{"line":34,"column":8},"end":{"line":34,"column":8}}]},"3":{"line":51,"type":"if","locations":[{"start":{"line":51,"column":8},"end":{"line":51,"column":8}},{"start":{"line":51,"column":8},"end":{"line":51,"column":8}}]},"4":{"line":57,"type":"if","locations":[{"start":{"line":57,"column":8},"end":{"line":57,"column":8}},{"start":{"line":57,"column":8},"end":{"line":57,"column":8}}]},"5":{"line":62,"type":"if","locations":[{"start":{"line":62,"column":8},"end":{"line":62,"column":8}},{"start":{"line":62,"column":8},"end":{"line":62,"column":8}}]},"6":{"line":68,"type":"if","locations":[{"start":{"line":68,"column":8},"end":{"line":68,"column":8}},{"start":{"line":68,"column":8},"end":{"line":68,"column":8}}]},"7":{"line":81,"type":"if","locations":[{"start":{"line":81,"column":15},"end":{"line":81,"column":15}},{"start":{"line":81,"column":15},"end":{"line":81,"column":15}}]},"8":{"line":91,"type":"if","locations":[{"start":{"line":91,"column":8},"end":{"line":91,"column":8}},{"start":{"line":91,"column":8},"end":{"line":91,"column":8}}]},"9":{"line":92,"type":"if","locations":[{"start":{"line":92,"column":8},"end":{"line":92,"column":8}},{"start":{"line":92,"column":8},"end":{"line":92,"column":8}}]},"10":{"line":108,"type":"if","locations":[{"start":{"line":108,"column":8},"end":{"line":108,"column":8}},{"start":{"line":108,"column":8},"end":{"line":108,"column":8}}]}}},"contracts/interfaces/IClawTrustContracts.sol":{"l":{},"path":"/home/runner/workspace/contracts/contracts/interfaces/IClawTrustContracts.sol","s":{},"b":{},"f":{},"fnMap":{},"statementMap":{},"branchMap":{}},"contracts/interfaces/IClawTrustSwarmValidator.sol":{"l":{},"path":"/home/runner/workspace/contracts/contracts/interfaces/IClawTrustSwarmValidator.sol","s":{},"b":{},"f":{},"fnMap":{},"statementMap":{},"branchMap":{}},"contracts/interfaces/IERC8004Identity.sol":{"l":{},"path":"/home/runner/workspace/contracts/contracts/interfaces/IERC8004Identity.sol","s":{},"b":{},"f":{},"fnMap":{},"statementMap":{},"branchMap":{}},"contracts/interfaces/IERC8004Reputation.sol":{"l":{},"path":"/home/runner/workspace/contracts/contracts/interfaces/IERC8004Reputation.sol","s":{},"b":{},"f":{},"fnMap":{},"statementMap":{},"branchMap":{}},"contracts/interfaces/IERC8183.sol":{"l":{},"path":"/home/runner/workspace/contracts/contracts/interfaces/IERC8183.sol","s":{},"b":{},"f":{},"fnMap":{},"statementMap":{},"branchMap":{}},"contracts/MockBond.sol":{"l":{"12":0},"path":"/home/runner/workspace/contracts/contracts/MockBond.sol","s":{"1":0},"b":{},"f":{"1":0},"fnMap":{"1":{"name":"getBond","line":5,"loc":{"start":{"line":5,"column":4},"end":{"line":13,"column":4}}}},"statementMap":{"1":{"start":{"line":12,"column":8},"end":{"line":12,"column":39}}},"branchMap":{}},"contracts/MockClawCard.sol":{"l":{"8":94,"12":41},"path":"/home/runner/workspace/contracts/contracts/MockClawCard.sol","s":{"1":41},"b":{},"f":{"1":94,"2":41},"fnMap":{"1":{"name":"setRegistered","line":7,"loc":{"start":{"line":7,"column":4},"end":{"line":9,"column":4}}},"2":{"name":"isRegistered","line":11,"loc":{"start":{"line":11,"column":4},"end":{"line":13,"column":4}}}},"statementMap":{"1":{"start":{"line":12,"column":8},"end":{"line":12,"column":33}}},"branchMap":{}},"contracts/MockERC20.sol":{"l":{"10":171,"14":0,"18":188},"path":"/home/runner/workspace/contracts/contracts/MockERC20.sol","s":{"1":0,"2":188},"b":{},"f":{"1":171,"2":0,"3":188},"fnMap":{"1":{"name":"constructor","line":9,"loc":{"start":{"line":9,"column":4},"end":{"line":11,"column":4}}},"2":{"name":"decimals","line":13,"loc":{"start":{"line":13,"column":4},"end":{"line":15,"column":4}}},"3":{"name":"mint","line":17,"loc":{"start":{"line":17,"column":4},"end":{"line":19,"column":4}}}},"statementMap":{"1":{"start":{"line":14,"column":8},"end":{"line":14,"column":24}},"2":{"start":{"line":18,"column":8},"end":{"line":18,"column":24}}},"branchMap":{}},"contracts/MockRepAdapter.sol":{"l":{"16":0},"path":"/home/runner/workspace/contracts/contracts/MockRepAdapter.sol","s":{"1":0},"b":{},"f":{"1":0},"fnMap":{"1":{"name":"getFusedScore","line":15,"loc":{"start":{"line":15,"column":4},"end":{"line":25,"column":4}}}},"statementMap":{"1":{"start":{"line":16,"column":8},"end":{"line":16,"column":418}}},"branchMap":{}},"contracts/MockRepRegistry.sol":{"l":{"16":5,"24":5,"25":5,"26":5,"30":0,"34":0,"38":0},"path":"/home/runner/workspace/contracts/contracts/MockRepRegistry.sol","s":{"1":5,"2":5,"3":5,"4":0,"5":0,"6":0},"b":{},"f":{"1":5,"2":0,"3":0,"4":0},"fnMap":{"1":{"name":"submitFeedback","line":10,"loc":{"start":{"line":10,"column":4},"end":{"line":27,"column":4}}},"2":{"name":"getScore","line":29,"loc":{"start":{"line":29,"column":4},"end":{"line":31,"column":4}}},"3":{"name":"getFeedbackCount","line":33,"loc":{"start":{"line":33,"column":4},"end":{"line":35,"column":4}}},"4":{"name":"getFeedback","line":37,"loc":{"start":{"line":37,"column":4},"end":{"line":39,"column":4}}}},"statementMap":{"1":{"start":{"line":16,"column":8},"end":{"line":16,"column":439}},"2":{"start":{"line":25,"column":8},"end":{"line":25,"column":59}},"3":{"start":{"line":26,"column":8},"end":{"line":26,"column":36}},"4":{"start":{"line":30,"column":8},"end":{"line":30,"column":29}},"5":{"start":{"line":34,"column":8},"end":{"line":34,"column":39}},"6":{"start":{"line":38,"column":8},"end":{"line":38,"column":39}}},"branchMap":{}}}